execution file: box.py
input file: /home2/jcjeong/project/stanalyzer0/stanalyzer/media/jcjeong/20130111120016590492y5QLE1/para
[u'box']
box
Function: 
*** PARA_PKEYS: 
[[34]]
(0, box)
PARMETERS
 - Number of Parameters=0
para_pkey: 
[34]
========= gui_job ===========
ID	TITLE	PROJ_ID	ANALYZER	STATUS	OUTPUT	START	END
9	test	5	box,helix_tilt	SENT	/home2/hrui/work/st_anal_test/	2013-01-04 13:38:38	N/A
10	test	5	box,helix_tilt	SENT	/home2/hrui/work/st_anal_test/	2013-01-04 13:39:14	N/A
11	analyzing trajectory	4	box	SENT	/home2/jcjeong/project/stanalyzer0/stanalyzer/media/jcjeong/20130111120016590492y5QLE1/	2013-01-11 12:00:16	N/A
12	analyzing trajectory	4	helix_tilt	COMPLETE	/home2/jcjeong/project/stanalyzer0/stanalyzer/media/jcjeong/20130111120027669417RZQB1i/	2013-01-11 12:00:27	2013-01-11 12:00:57
13	analyzing trajectory	1	box,helix_tilt	COMPLETE	/home2/jcjeong/project/stanalyzer0/stanalyzer/media/jcjeong/20130111161800680160SvjX34/	2013-01-11 16:18:00	2013-01-11 16:18:34
========= gui_parameter ===========
SELECT id, job_id, anaz, para, val, status FROM gui_parameter WHERE job_id = 11
ID	JOB_ID	ANALYZER	PARAMETER	VALUE	STATUS
34	11	box	Number of Parameters	0	RUNNING
Creating directory into /home2/jcjeong/project/stanalyzer0/stanalyzer/media/jcjeong/20130111120016590492y5QLE1/box
list of PARAMETERS: 
--- Calculating Unicell dimension and volum
/home2/jcjeong/project/stanalyzer1/stanalyzer/trajectory/step5_assembly.psf
Reading PSF: /home2/jcjeong/project/stanalyzer1/stanalyzer/trajectory/step5_assembly.psf
Reading DCD: /home2/jcjeong/project/stanalyzer1/stanalyzer/trajectory/step7_633.dcd
0 is done!
1	93.1383	93.1383	82.3925	90.0	90.0	90.0	714733.30449

2	93.1976	93.1976	82.2275	90.0	90.0	90.0	714210.711601

3	93.1361	93.1361	82.6607	90.0	90.0	90.0	717026.508124

4	93.0432	93.0432	82.7233	90.0	90.0	90.0	716138.157821

5	93.1675	93.1675	82.8018	90.0	90.0	90.0	718735.70306

6	93.1206	93.1206	82.8254	90.0	90.0	90.0	718215.657321

7	92.9342	92.9342	82.7617	90.0	90.0	90.0	714794.172531

8	92.9421	92.9421	82.9601	90.0	90.0	90.0	716628.510331

9	92.8469	92.8469	82.7994	90.0	90.0	90.0	713775.588297

10	92.7782	92.7782	82.7927	90.0	90.0	90.0	712663.155288

Reading PSF: /home2/jcjeong/project/stanalyzer1/stanalyzer/trajectory/step5_assembly.psf
Reading DCD: /home2/jcjeong/project/stanalyzer1/stanalyzer/trajectory/step7_669.dcd
1 is done!
11	93.1383	93.1383	82.3925	90.0	90.0	90.0	714733.30449

12	93.1976	93.1976	82.2275	90.0	90.0	90.0	714210.711601

13	93.1361	93.1361	82.6607	90.0	90.0	90.0	717026.508124

14	93.0432	93.0432	82.7233	90.0	90.0	90.0	716138.157821

15	93.1675	93.1675	82.8018	90.0	90.0	90.0	718735.70306

16	93.1206	93.1206	82.8254	90.0	90.0	90.0	718215.657321

17	92.9342	92.9342	82.7617	90.0	90.0	90.0	714794.172531

18	92.9421	92.9421	82.9601	90.0	90.0	90.0	716628.510331

19	92.8469	92.8469	82.7994	90.0	90.0	90.0	713775.588297

20	92.7782	92.7782	82.7927	90.0	90.0	90.0	712663.155288

Reading PSF: /home2/jcjeong/project/stanalyzer1/stanalyzer/trajectory/step5_assembly.psf
Reading DCD: /home2/jcjeong/project/stanalyzer1/stanalyzer/trajectory/step7_670.dcd
2 is done!
21	92.8931	92.8931	82.5655	90.0	90.0	90.0	712468.01861

22	92.7603	92.7603	82.4446	90.0	90.0	90.0	709392.106647

23	92.7565	92.7565	82.4961	90.0	90.0	90.0	709777.717377

24	92.8409	92.8409	82.3958	90.0	90.0	90.0	710205.266843

25	92.8548	92.8548	82.3702	90.0	90.0	90.0	710196.145393

26	92.8144	92.8144	82.6268	90.0	90.0	90.0	711789.353135

27	92.8075	92.8075	82.6109	90.0	90.0	90.0	711546.068408

28	92.7111	92.7111	82.7295	90.0	90.0	90.0	711088.394326

29	92.6309	92.6309	82.561	90.0	90.0	90.0	708413.427968

30	92.6754	92.6754	82.6244	90.0	90.0	90.0	709638.331869

Reading PSF: /home2/jcjeong/project/stanalyzer1/stanalyzer/trajectory/step5_assembly.psf
Reading DCD: /home2/jcjeong/project/stanalyzer1/stanalyzer/trajectory/step7_671.dcd
3 is done!
31	92.7681	92.7681	82.7431	90.0	90.0	90.0	712080.509225

32	92.7453	92.7453	82.9843	90.0	90.0	90.0	713805.769998

33	92.6943	92.6943	82.8874	90.0	90.0	90.0	712187.731852

34	92.5228	92.5228	83.1467	90.0	90.0	90.0	711774.886911

35	92.5775	92.5775	83.1056	90.0	90.0	90.0	712263.967585

36	92.5016	92.5016	83.0956	90.0	90.0	90.0	711011.377875

37	92.6441	92.6441	83.2541	90.0	90.0	90.0	714564.610164

38	92.7176	92.7176	83.2302	90.0	90.0	90.0	715493.44012

39	92.73	92.73	83.0781	90.0	90.0	90.0	714375.698373

40	92.6315	92.6315	83.106	90.0	90.0	90.0	713099.239051

========= gui_job ===========
ID	TITLE	PROJ_ID	ANALYZER	STATUS	OUTPUT	START	END
9	test	5	box,helix_tilt	SENT	/home2/hrui/work/st_anal_test/	2013-01-04 13:38:38	N/A
10	test	5	box,helix_tilt	SENT	/home2/hrui/work/st_anal_test/	2013-01-04 13:39:14	N/A
11	analyzing trajectory	4	box	COMPLETE	/home2/jcjeong/project/stanalyzer0/stanalyzer/media/jcjeong/20130111120016590492y5QLE1/	2013-01-11 12:00:16	2013-01-13 13:31:29
12	analyzing trajectory	4	helix_tilt	COMPLETE	/home2/jcjeong/project/stanalyzer0/stanalyzer/media/jcjeong/20130111120027669417RZQB1i/	2013-01-11 12:00:27	2013-01-11 12:00:57
13	analyzing trajectory	1	box,helix_tilt	COMPLETE	/home2/jcjeong/project/stanalyzer0/stanalyzer/media/jcjeong/20130111161800680160SvjX34/	2013-01-11 16:18:00	2013-01-11 16:18:34
========= gui_parameter ===========
ID	JOB_ID	ANALYZER	PARAMETER	VALUE	STATUS
22	9	box	Number of Parameters	0	SENT
23	9	helix_tilt	Number of Parameters	4	SENT
24	9	helix_tilt	Segment ID	0	SENT
25	9	helix_tilt	Segment Name	PROA	SENT
26	9	helix_tilt	Start Residue	249	SENT
27	9	helix_tilt	Terminal Residue	269	SENT
28	10	box	Number of Parameters	0	SENT
29	10	helix_tilt	Number of Parameters	4	SENT
30	10	helix_tilt	Segment ID	0	SENT
31	10	helix_tilt	Segment Name	PROA	SENT
32	10	helix_tilt	Start Residue	249	SENT
33	10	helix_tilt	Terminal Residue	269	SENT
34	11	box	Number of Parameters	0	COMPLETE
35	12	helix_tilt	Number of Parameters	4	COMPLETE
36	12	helix_tilt	Segment ID	0	COMPLETE
37	12	helix_tilt	Segment Name	PROA	COMPLETE
38	12	helix_tilt	Start Residue	1	COMPLETE
39	12	helix_tilt	Terminal Residue	18	COMPLETE
40	13	box	Number of Parameters	0	COMPLETE
41	13	helix_tilt	Number of Parameters	4	COMPLETE
42	13	helix_tilt	Segment ID	0	COMPLETE
43	13	helix_tilt	Segment Name	PROA	COMPLETE
44	13	helix_tilt	Start Residue	1	COMPLETE
45	13	helix_tilt	Terminal Residue	4	COMPLETE
