### execution file: density.py ###
	- input file: /home2/jcjeong/project/stanalyzer0/stanalyzer/media/jcjeong/20130417155546625899BkZm9Y/para
SELECT id FROM gui_outputs WHERE job_id = 172 and name = "density2_density_lipid_tail.dat" 
AXIS = Z, <type 'unicode'>
MIN = -77.0, <type 'float'>
MAX = 77.0, <type 'float'>
BIN = 1.0, <type 'float'>
QUERY = segid MEMB and ( name C2* or name C3* ) and not ( name C21 or  name C31 ), <type 'unicode'>
Total # atoms = 36855, <type 'int'>
Reading PSF: /home2/jcjeong/project/stanalyzer1/stanalyzer/trajectory/step5_assembly.psf
Reading DCD: /home2/jcjeong/project/stanalyzer1/stanalyzer/trajectory/step6_1.dcd
0 is done!
[0.0ps]selecting atoms...
DONE!
crdZ is selected!
[2.0ps]selecting atoms...
DONE!
crdZ is selected!
[4.0ps]selecting atoms...
DONE!
crdZ is selected!
[6.0ps]selecting atoms...
DONE!
crdZ is selected!
[8.0ps]selecting atoms...
DONE!
crdZ is selected!
[10.0ps]selecting atoms...
DONE!
crdZ is selected!
[12.0ps]selecting atoms...
DONE!
crdZ is selected!
[14.0ps]selecting atoms...
DONE!
crdZ is selected!
[16.0ps]selecting atoms...
DONE!
crdZ is selected!
[18.0ps]selecting atoms...
DONE!
crdZ is selected!
[20.0ps]selecting atoms...
DONE!
crdZ is selected!
[22.0ps]selecting atoms...
DONE!
crdZ is selected!
[24.0ps]selecting atoms...
DONE!
crdZ is selected!
[26.0ps]selecting atoms...
DONE!
crdZ is selected!
[28.0ps]selecting atoms...
DONE!
crdZ is selected!
[30.0ps]selecting atoms...
DONE!
crdZ is selected!
[32.0ps]selecting atoms...
DONE!
crdZ is selected!
[34.0ps]selecting atoms...
DONE!
crdZ is selected!
[36.0ps]selecting atoms...
DONE!
crdZ is selected!
[38.0ps]selecting atoms...
DONE!
crdZ is selected!
okay!
