execution file: box.py
input file: /home2/jcjeong/project/stanalyzer0/stanalyzer/media/jcjeong/20130117164759873376W7NzBh/para
[u'box']
box
Function: 
*** PARA_PKEYS: 
[[50]]
(0, box)
PARMETERS
 - Number of Parameters=0
para_pkey: 
[50]
========= gui_job ===========
ID	TITLE	PROJ_ID	ANALYZER	STATUS	OUTPUT	START	END
9	test	5	box,helix_tilt	SENT	/home2/hrui/work/st_anal_test/	2013-01-04 13:38:38	N/A
10	test	5	box,helix_tilt	SENT	/home2/hrui/work/st_anal_test/	2013-01-04 13:39:14	N/A
11	analyzing trajectory	4	box	COMPLETE	/home2/jcjeong/project/stanalyzer0/stanalyzer/media/jcjeong/20130111120016590492y5QLE1/	2013-01-11 12:00:16	2013-01-13 13:31:29
12	analyzing trajectory	4	helix_tilt	COMPLETE	/home2/jcjeong/project/stanalyzer0/stanalyzer/media/jcjeong/20130111120027669417RZQB1i/	2013-01-11 12:00:27	2013-01-11 12:00:57
13	analyzing trajectory	1	box,helix_tilt	COMPLETE	/home2/jcjeong/project/stanalyzer0/stanalyzer/media/jcjeong/20130111161800680160SvjX34/	2013-01-11 16:18:00	2013-01-11 16:18:34
14	analyzing trajectory	1	box	COMPLETE	/home2/jcjeong/project/stanalyzer0/stanalyzer/media/jcjeong/20130114094836629779ECkPZO/	2013-01-14 09:48:36	2013-01-14 09:48:54
15	analyzing trajectory	1	box	COMPLETE	/home2/jcjeong/project/stanalyzer0/stanalyzer/media/jcjeong/20130117163625227813xVc0if/	2013-01-17 16:36:25	2013-01-17 16:37:52
16	analyzing trajectory	1		SENT	/home2/jcjeong/project/stanalyzer0/stanalyzer/media/jcjeong/20130117163916604774Wllp3Y/	2013-01-17 16:39:16	N/A
17	analyzing trajectory	1	box	COMPLETE	/home2/jcjeong/project/stanalyzer0/stanalyzer/media/jcjeong/20130117163953971934Djovwq/	2013-01-17 16:39:53	2013-01-17 16:41:08
18	analyzing trajectory	1	box	COMPLETE	/home2/jcjeong/project/stanalyzer0/stanalyzer/media/jcjeong/20130117164527768007YJAbpz/	2013-01-17 16:45:27	2013-01-17 16:46:49
19	analyzing trajectory	1	box	SENT	/home2/jcjeong/project/stanalyzer0/stanalyzer/media/jcjeong/20130117164759873376W7NzBh/	2013-01-17 16:47:59	N/A
20	analyzing trajectory	1	box	COMPLETE	/home2/jcjeong/project/stanalyzer0/stanalyzer/media/jcjeong/20130117164814210533lVxMLp/	2013-01-17 16:48:14	2013-01-17 16:49:23
========= gui_parameter ===========
SELECT id, job_id, anaz, para, val, status FROM gui_parameter WHERE job_id = 19
ID	JOB_ID	ANALYZER	PARAMETER	VALUE	STATUS
50	19	box	Number of Parameters	0	RUNNING
Creating directory into /home2/jcjeong/project/stanalyzer0/stanalyzer/media/jcjeong/20130117164759873376W7NzBh/box
list of PARAMETERS: 
--- Calculating Unicell dimension and volum
/home2/jcjeong/project/stanalyzer1/stanalyzer/trajectory/step5_assembly.psf
Reading PSF: /home2/jcjeong/project/stanalyzer1/stanalyzer/trajectory/step5_assembly.psf
Reading DCD: /home2/jcjeong/project/stanalyzer1/stanalyzer/trajectory/step7_1.dcd
0 is done!
1	93.1383	93.1383	82.3925	90.0	90.0	90.0	714733.30449

2	93.1976	93.1976	82.2275	90.0	90.0	90.0	714210.711601

3	93.1361	93.1361	82.6607	90.0	90.0	90.0	717026.508124

4	93.0432	93.0432	82.7233	90.0	90.0	90.0	716138.157821

5	93.1675	93.1675	82.8018	90.0	90.0	90.0	718735.70306

6	93.1206	93.1206	82.8254	90.0	90.0	90.0	718215.657321

7	92.9342	92.9342	82.7617	90.0	90.0	90.0	714794.172531

8	92.9421	92.9421	82.9601	90.0	90.0	90.0	716628.510331

9	92.8469	92.8469	82.7994	90.0	90.0	90.0	713775.588297

10	92.7782	92.7782	82.7927	90.0	90.0	90.0	712663.155288

Reading PSF: /home2/jcjeong/project/stanalyzer1/stanalyzer/trajectory/step5_assembly.psf
Reading DCD: /home2/jcjeong/project/stanalyzer1/stanalyzer/trajectory/step7_2.dcd
1 is done!
11	93.1383	93.1383	82.3925	90.0	90.0	90.0	714733.30449

12	93.1976	93.1976	82.2275	90.0	90.0	90.0	714210.711601

13	93.1361	93.1361	82.6607	90.0	90.0	90.0	717026.508124

14	93.0432	93.0432	82.7233	90.0	90.0	90.0	716138.157821

15	93.1675	93.1675	82.8018	90.0	90.0	90.0	718735.70306

16	93.1206	93.1206	82.8254	90.0	90.0	90.0	718215.657321

17	92.9342	92.9342	82.7617	90.0	90.0	90.0	714794.172531

18	92.9421	92.9421	82.9601	90.0	90.0	90.0	716628.510331

19	92.8469	92.8469	82.7994	90.0	90.0	90.0	713775.588297

20	92.7782	92.7782	82.7927	90.0	90.0	90.0	712663.155288

Reading PSF: /home2/jcjeong/project/stanalyzer1/stanalyzer/trajectory/step5_assembly.psf
Reading DCD: /home2/jcjeong/project/stanalyzer1/stanalyzer/trajectory/step7_3.dcd
2 is done!
21	93.1383	93.1383	82.3925	90.0	90.0	90.0	714733.30449

22	93.1976	93.1976	82.2275	90.0	90.0	90.0	714210.711601

23	93.1361	93.1361	82.6607	90.0	90.0	90.0	717026.508124

24	93.0432	93.0432	82.7233	90.0	90.0	90.0	716138.157821

25	93.1675	93.1675	82.8018	90.0	90.0	90.0	718735.70306

26	93.1206	93.1206	82.8254	90.0	90.0	90.0	718215.657321

27	92.9342	92.9342	82.7617	90.0	90.0	90.0	714794.172531

28	92.9421	92.9421	82.9601	90.0	90.0	90.0	716628.510331

29	92.8469	92.8469	82.7994	90.0	90.0	90.0	713775.588297

30	92.7782	92.7782	82.7927	90.0	90.0	90.0	712663.155288

Reading PSF: /home2/jcjeong/project/stanalyzer1/stanalyzer/trajectory/step5_assembly.psf
Reading DCD: /home2/jcjeong/project/stanalyzer1/stanalyzer/trajectory/step7_4.dcd
3 is done!
31	93.1383	93.1383	82.3925	90.0	90.0	90.0	714733.30449

32	93.1976	93.1976	82.2275	90.0	90.0	90.0	714210.711601

33	93.1361	93.1361	82.6607	90.0	90.0	90.0	717026.508124

34	93.0432	93.0432	82.7233	90.0	90.0	90.0	716138.157821

35	93.1675	93.1675	82.8018	90.0	90.0	90.0	718735.70306

36	93.1206	93.1206	82.8254	90.0	90.0	90.0	718215.657321

37	92.9342	92.9342	82.7617	90.0	90.0	90.0	714794.172531

38	92.9421	92.9421	82.9601	90.0	90.0	90.0	716628.510331

39	92.8469	92.8469	82.7994	90.0	90.0	90.0	713775.588297

40	92.7782	92.7782	82.7927	90.0	90.0	90.0	712663.155288

Reading PSF: /home2/jcjeong/project/stanalyzer1/stanalyzer/trajectory/step5_assembly.psf
Reading DCD: /home2/jcjeong/project/stanalyzer1/stanalyzer/trajectory/step7_5.dcd
4 is done!
41	93.1383	93.1383	82.3925	90.0	90.0	90.0	714733.30449

42	93.1976	93.1976	82.2275	90.0	90.0	90.0	714210.711601

43	93.1361	93.1361	82.6607	90.0	90.0	90.0	717026.508124

44	93.0432	93.0432	82.7233	90.0	90.0	90.0	716138.157821

45	93.1675	93.1675	82.8018	90.0	90.0	90.0	718735.70306

46	93.1206	93.1206	82.8254	90.0	90.0	90.0	718215.657321

47	92.9342	92.9342	82.7617	90.0	90.0	90.0	714794.172531

48	92.9421	92.9421	82.9601	90.0	90.0	90.0	716628.510331

49	92.8469	92.8469	82.7994	90.0	90.0	90.0	713775.588297

50	92.7782	92.7782	82.7927	90.0	90.0	90.0	712663.155288

Reading PSF: /home2/jcjeong/project/stanalyzer1/stanalyzer/trajectory/step5_assembly.psf
Reading DCD: /home2/jcjeong/project/stanalyzer1/stanalyzer/trajectory/step7_10.dcd
5 is done!
51	93.1383	93.1383	82.3925	90.0	90.0	90.0	714733.30449

52	93.1976	93.1976	82.2275	90.0	90.0	90.0	714210.711601

53	93.1361	93.1361	82.6607	90.0	90.0	90.0	717026.508124

54	93.0432	93.0432	82.7233	90.0	90.0	90.0	716138.157821

55	93.1675	93.1675	82.8018	90.0	90.0	90.0	718735.70306

56	93.1206	93.1206	82.8254	90.0	90.0	90.0	718215.657321

57	92.9342	92.9342	82.7617	90.0	90.0	90.0	714794.172531

58	92.9421	92.9421	82.9601	90.0	90.0	90.0	716628.510331

59	92.8469	92.8469	82.7994	90.0	90.0	90.0	713775.588297

60	92.7782	92.7782	82.7927	90.0	90.0	90.0	712663.155288

Reading PSF: /home2/jcjeong/project/stanalyzer1/stanalyzer/trajectory/step5_assembly.psf
Reading DCD: /home2/jcjeong/project/stanalyzer1/stanalyzer/trajectory/step7_20.dcd
6 is done!
61	93.1383	93.1383	82.3925	90.0	90.0	90.0	714733.30449

62	93.1976	93.1976	82.2275	90.0	90.0	90.0	714210.711601

63	93.1361	93.1361	82.6607	90.0	90.0	90.0	717026.508124

64	93.0432	93.0432	82.7233	90.0	90.0	90.0	716138.157821

65	93.1675	93.1675	82.8018	90.0	90.0	90.0	718735.70306

66	93.1206	93.1206	82.8254	90.0	90.0	90.0	718215.657321

67	92.9342	92.9342	82.7617	90.0	90.0	90.0	714794.172531

68	92.9421	92.9421	82.9601	90.0	90.0	90.0	716628.510331

69	92.8469	92.8469	82.7994	90.0	90.0	90.0	713775.588297

70	92.7782	92.7782	82.7927	90.0	90.0	90.0	712663.155288

Reading PSF: /home2/jcjeong/project/stanalyzer1/stanalyzer/trajectory/step5_assembly.psf
Reading DCD: /home2/jcjeong/project/stanalyzer1/stanalyzer/trajectory/step7_30.dcd
7 is done!
71	93.1383	93.1383	82.3925	90.0	90.0	90.0	714733.30449

72	93.1976	93.1976	82.2275	90.0	90.0	90.0	714210.711601

73	93.1361	93.1361	82.6607	90.0	90.0	90.0	717026.508124

74	93.0432	93.0432	82.7233	90.0	90.0	90.0	716138.157821

75	93.1675	93.1675	82.8018	90.0	90.0	90.0	718735.70306

76	93.1206	93.1206	82.8254	90.0	90.0	90.0	718215.657321

77	92.9342	92.9342	82.7617	90.0	90.0	90.0	714794.172531

78	92.9421	92.9421	82.9601	90.0	90.0	90.0	716628.510331

79	92.8469	92.8469	82.7994	90.0	90.0	90.0	713775.588297

80	92.7782	92.7782	82.7927	90.0	90.0	90.0	712663.155288

Reading PSF: /home2/jcjeong/project/stanalyzer1/stanalyzer/trajectory/step5_assembly.psf
Reading DCD: /home2/jcjeong/project/stanalyzer1/stanalyzer/trajectory/step7_40.dcd
8 is done!
81	93.1383	93.1383	82.3925	90.0	90.0	90.0	714733.30449

82	93.1976	93.1976	82.2275	90.0	90.0	90.0	714210.711601

83	93.1361	93.1361	82.6607	90.0	90.0	90.0	717026.508124

84	93.0432	93.0432	82.7233	90.0	90.0	90.0	716138.157821

85	93.1675	93.1675	82.8018	90.0	90.0	90.0	718735.70306

86	93.1206	93.1206	82.8254	90.0	90.0	90.0	718215.657321

87	92.9342	92.9342	82.7617	90.0	90.0	90.0	714794.172531

88	92.9421	92.9421	82.9601	90.0	90.0	90.0	716628.510331

89	92.8469	92.8469	82.7994	90.0	90.0	90.0	713775.588297

90	92.7782	92.7782	82.7927	90.0	90.0	90.0	712663.155288

Reading PSF: /home2/jcjeong/project/stanalyzer1/stanalyzer/trajectory/step5_assembly.psf
Reading DCD: /home2/jcjeong/project/stanalyzer1/stanalyzer/trajectory/step7_50.dcd
9 is done!
91	93.1383	93.1383	82.3925	90.0	90.0	90.0	714733.30449

92	93.1976	93.1976	82.2275	90.0	90.0	90.0	714210.711601

93	93.1361	93.1361	82.6607	90.0	90.0	90.0	717026.508124

94	93.0432	93.0432	82.7233	90.0	90.0	90.0	716138.157821

95	93.1675	93.1675	82.8018	90.0	90.0	90.0	718735.70306

96	93.1206	93.1206	82.8254	90.0	90.0	90.0	718215.657321

97	92.9342	92.9342	82.7617	90.0	90.0	90.0	714794.172531

98	92.9421	92.9421	82.9601	90.0	90.0	90.0	716628.510331

99	92.8469	92.8469	82.7994	90.0	90.0	90.0	713775.588297

100	92.7782	92.7782	82.7927	90.0	90.0	90.0	712663.155288

Reading PSF: /home2/jcjeong/project/stanalyzer1/stanalyzer/trajectory/step5_assembly.psf
Reading DCD: /home2/jcjeong/project/stanalyzer1/stanalyzer/trajectory/step7_100.dcd
10 is done!
101	93.1383	93.1383	82.3925	90.0	90.0	90.0	714733.30449

102	93.1976	93.1976	82.2275	90.0	90.0	90.0	714210.711601

103	93.1361	93.1361	82.6607	90.0	90.0	90.0	717026.508124

104	93.0432	93.0432	82.7233	90.0	90.0	90.0	716138.157821

105	93.1675	93.1675	82.8018	90.0	90.0	90.0	718735.70306

106	93.1206	93.1206	82.8254	90.0	90.0	90.0	718215.657321

107	92.9342	92.9342	82.7617	90.0	90.0	90.0	714794.172531

108	92.9421	92.9421	82.9601	90.0	90.0	90.0	716628.510331

109	92.8469	92.8469	82.7994	90.0	90.0	90.0	713775.588297

110	92.7782	92.7782	82.7927	90.0	90.0	90.0	712663.155288

Reading PSF: /home2/jcjeong/project/stanalyzer1/stanalyzer/trajectory/step5_assembly.psf
Reading DCD: /home2/jcjeong/project/stanalyzer1/stanalyzer/trajectory/step7_110.dcd
11 is done!
111	93.1383	93.1383	82.3925	90.0	90.0	90.0	714733.30449

112	93.1976	93.1976	82.2275	90.0	90.0	90.0	714210.711601

113	93.1361	93.1361	82.6607	90.0	90.0	90.0	717026.508124

114	93.0432	93.0432	82.7233	90.0	90.0	90.0	716138.157821

115	93.1675	93.1675	82.8018	90.0	90.0	90.0	718735.70306

116	93.1206	93.1206	82.8254	90.0	90.0	90.0	718215.657321

117	92.9342	92.9342	82.7617	90.0	90.0	90.0	714794.172531

118	92.9421	92.9421	82.9601	90.0	90.0	90.0	716628.510331

119	92.8469	92.8469	82.7994	90.0	90.0	90.0	713775.588297

120	92.7782	92.7782	82.7927	90.0	90.0	90.0	712663.155288

Reading PSF: /home2/jcjeong/project/stanalyzer1/stanalyzer/trajectory/step5_assembly.psf
Reading DCD: /home2/jcjeong/project/stanalyzer1/stanalyzer/trajectory/step7_633.dcd
12 is done!
121	93.1383	93.1383	82.3925	90.0	90.0	90.0	714733.30449

122	93.1976	93.1976	82.2275	90.0	90.0	90.0	714210.711601

123	93.1361	93.1361	82.6607	90.0	90.0	90.0	717026.508124

124	93.0432	93.0432	82.7233	90.0	90.0	90.0	716138.157821

125	93.1675	93.1675	82.8018	90.0	90.0	90.0	718735.70306

126	93.1206	93.1206	82.8254	90.0	90.0	90.0	718215.657321

127	92.9342	92.9342	82.7617	90.0	90.0	90.0	714794.172531

128	92.9421	92.9421	82.9601	90.0	90.0	90.0	716628.510331

129	92.8469	92.8469	82.7994	90.0	90.0	90.0	713775.588297

130	92.7782	92.7782	82.7927	90.0	90.0	90.0	712663.155288

Reading PSF: /home2/jcjeong/project/stanalyzer1/stanalyzer/trajectory/step5_assembly.psf
Reading DCD: /home2/jcjeong/project/stanalyzer1/stanalyzer/trajectory/step7_669.dcd
13 is done!
131	93.1383	93.1383	82.3925	90.0	90.0	90.0	714733.30449

132	93.1976	93.1976	82.2275	90.0	90.0	90.0	714210.711601

133	93.1361	93.1361	82.6607	90.0	90.0	90.0	717026.508124

134	93.0432	93.0432	82.7233	90.0	90.0	90.0	716138.157821

135	93.1675	93.1675	82.8018	90.0	90.0	90.0	718735.70306

136	93.1206	93.1206	82.8254	90.0	90.0	90.0	718215.657321

137	92.9342	92.9342	82.7617	90.0	90.0	90.0	714794.172531

138	92.9421	92.9421	82.9601	90.0	90.0	90.0	716628.510331

139	92.8469	92.8469	82.7994	90.0	90.0	90.0	713775.588297

140	92.7782	92.7782	82.7927	90.0	90.0	90.0	712663.155288

Reading PSF: /home2/jcjeong/project/stanalyzer1/stanalyzer/trajectory/step5_assembly.psf
Reading DCD: /home2/jcjeong/project/stanalyzer1/stanalyzer/trajectory/step7_670.dcd
14 is done!
141	92.8931	92.8931	82.5655	90.0	90.0	90.0	712468.01861

142	92.7603	92.7603	82.4446	90.0	90.0	90.0	709392.106647

143	92.7565	92.7565	82.4961	90.0	90.0	90.0	709777.717377

144	92.8409	92.8409	82.3958	90.0	90.0	90.0	710205.266843

145	92.8548	92.8548	82.3702	90.0	90.0	90.0	710196.145393

146	92.8144	92.8144	82.6268	90.0	90.0	90.0	711789.353135

147	92.8075	92.8075	82.6109	90.0	90.0	90.0	711546.068408

148	92.7111	92.7111	82.7295	90.0	90.0	90.0	711088.394326

149	92.6309	92.6309	82.561	90.0	90.0	90.0	708413.427968

150	92.6754	92.6754	82.6244	90.0	90.0	90.0	709638.331869

Reading PSF: /home2/jcjeong/project/stanalyzer1/stanalyzer/trajectory/step5_assembly.psf
Reading DCD: /home2/jcjeong/project/stanalyzer1/stanalyzer/trajectory/step7_671.dcd
15 is done!
151	92.7681	92.7681	82.7431	90.0	90.0	90.0	712080.509225

152	92.7453	92.7453	82.9843	90.0	90.0	90.0	713805.769998

153	92.6943	92.6943	82.8874	90.0	90.0	90.0	712187.731852

154	92.5228	92.5228	83.1467	90.0	90.0	90.0	711774.886911

155	92.5775	92.5775	83.1056	90.0	90.0	90.0	712263.967585

156	92.5016	92.5016	83.0956	90.0	90.0	90.0	711011.377875

157	92.6441	92.6441	83.2541	90.0	90.0	90.0	714564.610164

158	92.7176	92.7176	83.2302	90.0	90.0	90.0	715493.44012

159	92.73	92.73	83.0781	90.0	90.0	90.0	714375.698373

160	92.6315	92.6315	83.106	90.0	90.0	90.0	713099.239051

Reading PSF: /home2/jcjeong/project/stanalyzer1/stanalyzer/trajectory/step5_assembly.psf
Reading DCD: /home2/jcjeong/project/stanalyzer1/stanalyzer/trajectory/step7_672.dcd
16 is done!
161	92.7724	92.7724	83.0672	90.0	90.0	90.0	714935.535302

162	92.7126	92.7126	83.1058	90.0	90.0	90.0	714346.416045

163	92.718	92.718	83.3362	90.0	90.0	90.0	716410.240034

164	92.6582	92.6582	83.2915	90.0	90.0	90.0	715103.658613

165	92.6793	92.6793	83.3716	90.0	90.0	90.0	716116.10031

166	92.5978	92.5978	83.3353	90.0	90.0	90.0	714546.612456

167	92.5477	92.5477	83.3428	90.0	90.0	90.0	713837.302334

168	92.581	92.581	83.3746	90.0	90.0	90.0	714623.518131

169	92.6165	92.6165	83.6742	90.0	90.0	90.0	717741.271003

170	92.5686	92.5686	83.707	90.0	90.0	90.0	717281.508377

Reading PSF: /home2/jcjeong/project/stanalyzer1/stanalyzer/trajectory/step5_assembly.psf
Reading DCD: /home2/jcjeong/project/stanalyzer1/stanalyzer/trajectory/step7_673.dcd
17 is done!
171	92.4976	92.4976	83.5137	90.0	90.0	90.0	714526.13568

172	92.6303	92.6303	83.3989	90.0	90.0	90.0	715594.723204

173	92.5909	92.5909	83.32	90.0	90.0	90.0	714308.494966

174	92.5033	92.5033	83.1721	90.0	90.0	90.0	711692.093485

175	92.5184	92.5184	83.2906	90.0	90.0	90.0	712938.456399

176	92.6084	92.6084	83.2101	90.0	90.0	90.0	713635.738409

177	92.5612	92.5612	83.2855	90.0	90.0	90.0	713555.774263

178	92.5991	92.5991	83.2505	90.0	90.0	90.0	713838.51717

179	92.4673	92.4673	83.1862	90.0	90.0	90.0	711258.783654

180	92.4458	92.4458	83.2823	90.0	90.0	90.0	711749.897542

Reading PSF: /home2/jcjeong/project/stanalyzer1/stanalyzer/trajectory/step5_assembly.psf
Reading DCD: /home2/jcjeong/project/stanalyzer1/stanalyzer/trajectory/step7_674.dcd
18 is done!
181	92.4054	92.4054	83.1562	90.0	90.0	90.0	710051.073777

182	92.5652	92.5652	83.1965	90.0	90.0	90.0	712854.585645

183	92.5099	92.5099	83.0814	90.0	90.0	90.0	711017.011735

184	92.4776	92.4776	83.0743	90.0	90.0	90.0	710459.920576

185	92.7327	92.7327	83.1604	90.0	90.0	90.0	715125.521435

186	92.6965	92.6965	83.1736	90.0	90.0	90.0	714680.617198

187	92.662	92.662	83.1409	90.0	90.0	90.0	713867.506081

188	92.6977	92.6977	83.0886	90.0	90.0	90.0	713968.571449

189	92.5604	92.5604	83.1054	90.0	90.0	90.0	712000.014741

190	92.5178	92.5178	83.1457	90.0	90.0	90.0	711689.381429

Reading PSF: /home2/jcjeong/project/stanalyzer1/stanalyzer/trajectory/step5_assembly.psf
Reading DCD: /home2/jcjeong/project/stanalyzer1/stanalyzer/trajectory/step7_675.dcd
19 is done!
191	92.4792	92.4792	83.0234	90.0	90.0	90.0	710049.348366

192	92.5855	92.5855	83.1615	90.0	90.0	90.0	712866.121492

193	92.691	92.691	83.3233	90.0	90.0	90.0	715881.577473

194	92.623	92.623	83.2609	90.0	90.0	90.0	714297.06655

195	92.5624	92.5624	83.1405	90.0	90.0	90.0	712331.142595

196	92.5047	92.5047	83.3694	90.0	90.0	90.0	713401.942577

197	92.4306	92.4306	83.5133	90.0	90.0	90.0	713489.08846

198	92.4301	92.4301	83.6571	90.0	90.0	90.0	714709.742092

199	92.5828	92.5828	83.6979	90.0	90.0	90.0	717422.992117

200	92.3491	92.3491	83.6448	90.0	90.0	90.0	713353.120464

Reading PSF: /home2/jcjeong/project/stanalyzer1/stanalyzer/trajectory/step5_assembly.psf
Reading DCD: /home2/jcjeong/project/stanalyzer1/stanalyzer/trajectory/step7_676.dcd
20 is done!
201	92.3529	92.3529	83.5358	90.0	90.0	90.0	712482.470368

202	92.2907	92.2907	83.6122	90.0	90.0	90.0	712173.340402

203	92.3374	92.3374	83.5332	90.0	90.0	90.0	712221.027694

204	92.2851	92.2851	83.5383	90.0	90.0	90.0	711457.615301

205	92.1676	92.1676	83.8129	90.0	90.0	90.0	711978.912071

206	92.2464	92.2464	83.9609	90.0	90.0	90.0	714457.22638

207	92.3559	92.3559	83.9966	90.0	90.0	90.0	716458.421182

208	92.4043	92.4043	83.999	90.0	90.0	90.0	717230.103671

209	92.2751	92.2751	83.9208	90.0	90.0	90.0	714559.234609

210	92.3433	92.3433	83.8648	90.0	90.0	90.0	715139.078542

Reading PSF: /home2/jcjeong/project/stanalyzer1/stanalyzer/trajectory/step5_assembly.psf
Reading DCD: /home2/jcjeong/project/stanalyzer1/stanalyzer/trajectory/step7_677.dcd
21 is done!
211	92.2925	92.2925	84.0318	90.0	90.0	90.0	715774.142358

212	92.2168	92.2168	83.7376	90.0	90.0	90.0	712099.517115

213	92.213	92.213	83.762	90.0	90.0	90.0	712248.662141

214	92.2344	92.2344	83.6192	90.0	90.0	90.0	711364.653423

215	92.2419	92.2419	83.6871	90.0	90.0	90.0	712057.65768

216	92.2274	92.2274	83.5601	90.0	90.0	90.0	710753.919184

217	92.1876	92.1876	83.4954	90.0	90.0	90.0	709590.256585

218	92.1577	92.1577	83.4044	90.0	90.0	90.0	708356.717678

219	92.3315	92.3315	83.5164	90.0	90.0	90.0	711986.791064

220	92.3471	92.3471	83.547	90.0	90.0	90.0	712486.822724

Reading PSF: /home2/jcjeong/project/stanalyzer1/stanalyzer/trajectory/step5_assembly.psf
Reading DCD: /home2/jcjeong/project/stanalyzer1/stanalyzer/trajectory/step7_678.dcd
22 is done!
221	92.3381	92.3381	83.4679	90.0	90.0	90.0	711673.870056

222	92.3716	92.3716	83.4307	90.0	90.0	90.0	711872.723227

223	92.5197	92.5197	83.3055	90.0	90.0	90.0	713085.428028

224	92.6207	92.6207	83.2392	90.0	90.0	90.0	714075.783083

225	92.622	92.622	83.2017	90.0	90.0	90.0	713773.134718

226	92.6388	92.6388	83.2264	90.0	90.0	90.0	714244.057099

227	92.6549	92.6549	83.3436	90.0	90.0	90.0	715499.495177

228	92.5358	92.5358	83.204	90.0	90.0	90.0	712465.446257

229	92.52	92.52	83.237	90.0	90.0	90.0	712503.686786

230	92.4552	92.4552	83.2474	90.0	90.0	90.0	711595.402693

Reading PSF: /home2/jcjeong/project/stanalyzer1/stanalyzer/trajectory/step5_assembly.psf
Reading DCD: /home2/jcjeong/project/stanalyzer1/stanalyzer/trajectory/step7_1000.dcd
23 is done!
231	93.1383	93.1383	82.3925	90.0	90.0	90.0	714733.30449

232	93.1976	93.1976	82.2275	90.0	90.0	90.0	714210.711601

233	93.1361	93.1361	82.6607	90.0	90.0	90.0	717026.508124

234	93.0432	93.0432	82.7233	90.0	90.0	90.0	716138.157821

235	93.1675	93.1675	82.8018	90.0	90.0	90.0	718735.70306

236	93.1206	93.1206	82.8254	90.0	90.0	90.0	718215.657321

237	92.9342	92.9342	82.7617	90.0	90.0	90.0	714794.172531

238	92.9421	92.9421	82.9601	90.0	90.0	90.0	716628.510331

239	92.8469	92.8469	82.7994	90.0	90.0	90.0	713775.588297

240	92.7782	92.7782	82.7927	90.0	90.0	90.0	712663.155288

========= gui_job ===========
ID	TITLE	PROJ_ID	ANALYZER	STATUS	OUTPUT	START	END
9	test	5	box,helix_tilt	SENT	/home2/hrui/work/st_anal_test/	2013-01-04 13:38:38	N/A
10	test	5	box,helix_tilt	SENT	/home2/hrui/work/st_anal_test/	2013-01-04 13:39:14	N/A
11	analyzing trajectory	4	box	COMPLETE	/home2/jcjeong/project/stanalyzer0/stanalyzer/media/jcjeong/20130111120016590492y5QLE1/	2013-01-11 12:00:16	2013-01-13 13:31:29
12	analyzing trajectory	4	helix_tilt	COMPLETE	/home2/jcjeong/project/stanalyzer0/stanalyzer/media/jcjeong/20130111120027669417RZQB1i/	2013-01-11 12:00:27	2013-01-11 12:00:57
13	analyzing trajectory	1	box,helix_tilt	COMPLETE	/home2/jcjeong/project/stanalyzer0/stanalyzer/media/jcjeong/20130111161800680160SvjX34/	2013-01-11 16:18:00	2013-01-11 16:18:34
14	analyzing trajectory	1	box	COMPLETE	/home2/jcjeong/project/stanalyzer0/stanalyzer/media/jcjeong/20130114094836629779ECkPZO/	2013-01-14 09:48:36	2013-01-14 09:48:54
15	analyzing trajectory	1	box	COMPLETE	/home2/jcjeong/project/stanalyzer0/stanalyzer/media/jcjeong/20130117163625227813xVc0if/	2013-01-17 16:36:25	2013-01-17 16:37:52
16	analyzing trajectory	1		SENT	/home2/jcjeong/project/stanalyzer0/stanalyzer/media/jcjeong/20130117163916604774Wllp3Y/	2013-01-17 16:39:16	N/A
17	analyzing trajectory	1	box	COMPLETE	/home2/jcjeong/project/stanalyzer0/stanalyzer/media/jcjeong/20130117163953971934Djovwq/	2013-01-17 16:39:53	2013-01-17 16:41:08
18	analyzing trajectory	1	box	COMPLETE	/home2/jcjeong/project/stanalyzer0/stanalyzer/media/jcjeong/20130117164527768007YJAbpz/	2013-01-17 16:45:27	2013-01-17 16:46:49
19	analyzing trajectory	1	box	COMPLETE	/home2/jcjeong/project/stanalyzer0/stanalyzer/media/jcjeong/20130117164759873376W7NzBh/	2013-01-17 16:47:59	2013-01-17 16:52:02
20	analyzing trajectory	1	box	COMPLETE	/home2/jcjeong/project/stanalyzer0/stanalyzer/media/jcjeong/20130117164814210533lVxMLp/	2013-01-17 16:48:14	2013-01-17 16:49:23
========= gui_parameter ===========
ID	JOB_ID	ANALYZER	PARAMETER	VALUE	STATUS
22	9	box	Number of Parameters	0	SENT
23	9	helix_tilt	Number of Parameters	4	SENT
24	9	helix_tilt	Segment ID	0	SENT
25	9	helix_tilt	Segment Name	PROA	SENT
26	9	helix_tilt	Start Residue	249	SENT
27	9	helix_tilt	Terminal Residue	269	SENT
28	10	box	Number of Parameters	0	SENT
29	10	helix_tilt	Number of Parameters	4	SENT
30	10	helix_tilt	Segment ID	0	SENT
31	10	helix_tilt	Segment Name	PROA	SENT
32	10	helix_tilt	Start Residue	249	SENT
33	10	helix_tilt	Terminal Residue	269	SENT
34	11	box	Number of Parameters	0	COMPLETE
35	12	helix_tilt	Number of Parameters	4	COMPLETE
36	12	helix_tilt	Segment ID	0	COMPLETE
37	12	helix_tilt	Segment Name	PROA	COMPLETE
38	12	helix_tilt	Start Residue	1	COMPLETE
39	12	helix_tilt	Terminal Residue	18	COMPLETE
40	13	box	Number of Parameters	0	COMPLETE
41	13	helix_tilt	Number of Parameters	4	COMPLETE
42	13	helix_tilt	Segment ID	0	COMPLETE
43	13	helix_tilt	Segment Name	PROA	COMPLETE
44	13	helix_tilt	Start Residue	1	COMPLETE
45	13	helix_tilt	Terminal Residue	4	COMPLETE
46	14	box	Number of Parameters	0	COMPLETE
47	15	box	Number of Parameters	0	COMPLETE
48	17	box	Number of Parameters	0	COMPLETE
49	18	box	Number of Parameters	0	COMPLETE
50	19	box	Number of Parameters	0	COMPLETE
51	20	box	Number of Parameters	0	COMPLETE
