### execution file: lipid_per_area_dela.py ###
	- input file: /home2/jcjeong/project/stanalyzer0/stanalyzer/media/jcjeong/20130703113156086062CHwQ0D/para
SELECT id FROM gui_outputs WHERE job_id = 52 and name = "lipid_per_area_dela0_delaunay_lipid_per_area.dat" 
[[7], [u'1'], [u'delaunay_lipid_per_area.dat'], [u'28935'], [u'segid MEMB and resname DPPE and (name C2 or name C21 or name C31)'], [u'42'], [u'42'], [u'/home2/jcjeong/project/qhull/qhull-2012.1/bin']]
Okay I am in lipid_per_area_voro.py!!!!!
Total # atoms = 28935, <type 'int'>
[42.0, 42.0]
Reading PSF: /home2/jcjeong/project/charmm/emilia/step5_assembly.xplor_ext.psf
Reading DCD: /home2/jcjeong/project/charmm/emilia/step7_0.dcd
[[-34.73790359 -27.63134003  16.08630562]
 [-32.95874786 -28.07541275  14.51087475]
 [-37.0322113  -28.45561981  13.85099792]
 [  9.19078445  -0.75290662 -18.34573936]
 [ 10.51155663   0.99208045 -17.70771408]
 [  9.23883724  -2.36284924 -15.60718536]]
[[-34.51930618 -27.96095848  15.74802876]
 [-32.6251564  -28.21567726  14.43116856]
 [-36.54507828 -28.5473423   12.83292484]
 [  9.9454689   -0.20989475 -18.44890404]
 [ 11.23071384   1.7693119  -18.23782539]
 [  9.72023201  -1.54469299 -15.13004112]]
[[ 30.18369865 -28.06506538  15.70590591]
 [ 32.05945587 -28.49265862  14.32916164]
 [ 28.22001839 -29.06561852  13.30543232]
 [ 10.50000286  -0.22451028 -18.30879402]
 [ 11.84319878   1.51076877 -17.57019424]
 [ 10.41805077  -1.61859918 -15.37164402]]
[[ 30.62937355 -28.29900169  15.98951817]
 [ 32.42273331 -28.83554649  14.62925339]
 [ 28.24422073 -29.01744652  14.11894417]
 [ 10.14762211  -0.08670505 -18.70290756]
 [ 11.16381836   1.90497994 -18.34586143]
 [ 10.36604977  -1.54115546 -15.69339943]]
[[-35.56928253 -27.4119873   14.76272297]
 [-33.57725906 -27.84692001  13.57747841]
 [-37.75679398 -28.19185257  12.82862949]
 [ 10.41334057  -0.42059708 -18.73925781]
 [ 11.67346382   1.53286815 -18.40973663]
 [ 10.5492754   -1.80916786 -15.79590988]]
[[ 29.71043396 -27.21890831  14.46571922]
 [ 31.30894661 -28.16591835  13.15157318]
 [ 27.39204216 -28.07649422  12.32702541]
 [  9.4016695    0.05417814 -18.93982506]
 [ 11.03991985   1.7640481  -18.82990265]
 [  9.56301785  -1.43518543 -15.89399433]]
[[ 30.20493889 -27.15105438  14.34332752]
 [ 31.18118095 -28.03250504  12.45449734]
 [ 27.79051399 -27.34098053  12.64982414]
 [  9.64133358   0.63900959 -19.2082386 ]
 [ 10.89759445   2.58742571 -18.86386681]
 [  9.99127293  -0.7145822  -16.20991707]]
[[ 29.55844116 -27.10660362  14.55528545]
 [ 30.56090736 -28.06100655  12.65399456]
 [ 26.88808441 -27.0728817   12.80186558]
 [ 10.25710678   0.99188477 -18.7574482 ]
 [ 11.83584213   2.59074712 -18.31357384]
 [ 10.80370045  -1.18034208 -16.14700317]]
[[ 29.90089989 -27.34034729  14.54250813]
 [ 30.63917542 -28.19029617  12.43393517]
 [ 27.11362839 -27.33826065  12.89090347]
 [ 10.06264305   0.42787203 -18.47399139]
 [ 11.25058556   2.29865646 -17.74836922]
 [ 10.33281136  -1.26708317 -15.91039181]]
[[ 29.21584892 -27.62482452  14.85789776]
 [ 30.13698578 -28.45751572  12.95299911]
 [ 26.5187645  -27.4120369   12.83983994]
 [  9.61741638   1.54082417 -18.93540192]
 [ 11.24312496   2.9874382  -18.01508713]
 [  9.59615421  -0.73905259 -16.38822365]]
[[ 29.38770103 -27.24448586  14.27032948]
 [ 30.41246986 -28.20590019  12.48027325]
 [ 26.87399864 -27.65796471  12.39834023]
 [  9.82658195  -0.28309959 -17.71120262]
 [ 11.21917343   1.40851557 -16.61673546]
 [ 10.01504707  -2.40579987 -15.35654831]]
[[ 29.26381493 -27.27650642  13.80027294]
 [ 30.7234745  -28.47193718  12.33485985]
 [ 26.94235039 -27.92097664  11.98388767]
 [  9.88734245   1.93513107 -17.00741386]
 [ 11.60263443   3.30571127 -15.9739151 ]
 [  9.11311913  -0.1245217  -14.52054405]]
[[  2.93014107e+01  -2.77582321e+01   1.50407572e+01]
 [  3.03174286e+01  -2.90082359e+01   1.33517685e+01]
 [  2.66068306e+01  -2.82523117e+01   1.34268131e+01]
 [  1.04241552e+01   2.27406216e+00  -1.72825375e+01]
 [  1.19897661e+01   3.68833613e+00  -1.65502243e+01]
 [  9.59913349e+00  -2.55410187e-02  -1.47196703e+01]]
[[ 29.10299873 -27.80122566  14.5348959 ]
 [ 30.19704437 -29.32946968  13.08176041]
 [ 26.57105827 -28.58921623  13.12105083]
 [ 10.07397747   2.75018072 -16.89544106]
 [ 11.5418396    4.20529032 -15.70012569]
 [  9.26619816   0.10744345 -14.42534065]]
[[ 28.46800041 -27.56192398  14.81801796]
 [ 29.97557831 -28.57895279  13.31414032]
 [ 26.5551548  -28.04399872  12.50187111]
 [ 10.33924103   2.31559539 -17.32964706]
 [ 12.0218811    3.64993954 -16.58042336]
 [ 10.30959988   0.06254914 -14.7216692 ]]
[[ 28.79631424 -27.38336182  14.73812962]
 [ 29.94906616 -28.45679855  13.02071095]
 [ 26.56858444 -27.1922493   12.58503151]
 [ 10.60035992   1.93981504 -16.93752861]
 [ 12.55350399   3.05082941 -16.32241821]
 [  9.33512497  -0.6915676  -14.62006664]]
[[-36.05836487 -27.53807259  14.52710342]
 [-34.72280121 -28.48478127  12.82175827]
 [-38.10889053 -28.81321907  12.59646893]
 [ 10.18829441   1.5525806  -16.70537567]
 [ 12.01900387   2.89702964 -16.11815834]
 [  9.86360455  -0.46322891 -14.20809174]]
[[-36.31631851 -27.36655617  14.09115505]
 [-34.63952255 -28.28331566  12.78376293]
 [-38.46614075 -28.42543221  12.06096268]
 [ 11.05487633   1.64237452 -16.92713356]
 [ 12.75190639   2.6830132  -15.92408752]
 [ 10.01882935  -0.31714672 -14.42499065]]
[[ 28.6528492  -27.97327042  13.70899773]
 [ 30.04443169 -28.8875351   12.06200695]
 [ 26.2969799  -29.15026474  12.18915558]
 [ 10.44509888   0.78097063 -16.79023743]
 [ 12.03660393   2.42301607 -16.27835464]
 [ 10.70983696  -0.85683393 -13.9853344 ]]
[[  2.91678829e+01  -2.83286266e+01   1.42020235e+01]
 [  3.04540882e+01  -2.90088139e+01   1.24275703e+01]
 [  2.65294476e+01  -2.89610462e+01   1.26004486e+01]
 [  1.07484770e+01   1.69321835e+00  -1.61622105e+01]
 [  1.24876184e+01   3.25058818e+00  -1.55319357e+01]
 [  1.03153162e+01   2.39062030e-02  -1.33798552e+01]]
[[ 28.94169998 -28.15459633  15.0148735 ]
 [ 30.34499359 -29.00007057  13.30733204]
 [ 26.75022316 -28.77221489  12.87736034]
 [ 10.60161495   1.66489053 -15.46561718]
 [ 12.10631371   3.29123068 -14.88182926]
 [ 11.24649906  -0.8111158  -13.18761921]]
[[-36.42573547 -28.69467735  13.58465767]
 [-35.28695679 -29.86157417  11.90873432]
 [-39.08371735 -29.01771355  11.59720421]
 [ 10.72397423   0.89456409 -15.1673708 ]
 [ 12.10114002   2.71011305 -14.95602131]
 [ 11.66734886  -0.5477615  -12.43124199]]
[[-35.75294113 -28.4144249   13.54459667]
 [-34.73027039 -29.35270691  11.73540115]
 [-38.442173   -29.01859665  11.72237778]
 [ 10.78072071   0.75658017 -15.16813087]
 [ 11.96715355   2.63511777 -14.46776199]
 [ 11.75145912  -0.71465743 -12.56364155]]
[[-35.25316238 -27.91449356  13.56187534]
 [-34.41009903 -28.97568893  11.57361031]
 [-38.31415176 -28.62348938  12.85000515]
 [ 10.10251713   1.34018326 -14.82160664]
 [ 11.45713329   3.16785502 -14.43601036]
 [ 10.69371033  -0.5687933  -11.99160862]]
[[-35.88824081 -27.77474785  14.00083733]
 [-34.46973038 -29.0637722   12.58260155]
 [-38.95514679 -28.14202309  12.67473316]
 [  9.77562809   0.84326762 -15.50298595]
 [ 10.58312988   2.99381733 -14.92439365]
 [ 10.32957268  -0.36708811 -12.56059551]]
[[-35.48963547 -28.14411926  13.8401022 ]
 [-34.00313187 -29.44706345  12.71045017]
 [-37.85005569 -29.05206299  12.08249187]
 [  9.51832104   0.47462088 -15.19130611]
 [ 10.73098373   2.3633461  -14.60788918]
 [ 10.299366    -1.13248944 -12.6603899 ]]
[[-35.51904297 -28.29076767  14.71643543]
 [-34.29967117 -29.38712311  12.89777374]
 [-38.25070572 -28.76712036  12.69300556]
 [  9.78488541   1.01826715 -15.64995098]
 [ 10.74559593   3.10515881 -15.10204315]
 [ 10.4690752   -0.69331574 -13.03655434]]
[[-35.66667938 -28.70182037  14.62668228]
 [-34.4132843  -30.17420578  13.36029434]
 [-37.76976395 -28.11286163  12.11664677]
 [  9.27234364   0.94415236 -15.94632244]
 [ 10.13804436   2.73588276 -14.94492054]
 [  9.82520866  -1.24586511 -13.5302372 ]]
[[ 29.3636322  -28.96398926  14.57005882]
 [ 30.55971336 -29.67744446  12.68077755]
 [ 26.94302559 -27.81385803  13.03764343]
 [  8.28462505   0.14293867 -16.15425682]
 [  9.75980663   1.61194766 -15.13356972]
 [  8.9960556   -2.14537764 -14.03092766]]
[[ 29.61871338 -29.56286812  14.26861477]
 [ 30.58275032 -30.34131432  12.32456207]
 [ 26.77265167 -29.45606041  12.6547308 ]
 [  7.61377907   0.53796351 -14.86437416]
 [  9.02202415   2.25098729 -14.17101097]
 [  7.76418829  -1.27988911 -12.34857082]]
[[ 29.32475662 -29.47892189  14.22659206]
 [ 30.58916664 -30.6975193   12.82185268]
 [ 27.00403786 -29.21342659  12.09820843]
 [  8.13789558   0.96543473 -15.25617218]
 [  9.22882271   2.95717764 -14.6851902 ]
 [  8.5906086   -0.62205106 -12.47905159]]
[[-35.63009262 -28.78381348  14.35941601]
 [-34.73578644 -29.53221512  12.34841728]
 [-38.27650452 -28.20464706  12.7473259 ]
 [  7.68820715  -0.12730442 -15.66682816]
 [  8.62810612   2.06802225 -15.38493156]
 [  8.82335663  -1.14654791 -12.75057316]]
[[-36.13805008 -29.33779716  14.79120064]
 [-34.97366333 -30.71215248  13.41356087]
 [-38.83047104 -28.67097664  12.90363216]
 [  8.35929585   1.17689645 -15.56447029]
 [ 10.01551437   2.69953084 -14.91650867]
 [  8.75288486  -0.95084786 -13.2048645 ]]
[[ 29.61234474 -29.68675613  14.60488605]
 [ 30.65660477 -30.8103447   12.80212402]
 [ 27.03050041 -29.31840515  12.99031258]
 [  7.60515642   1.49725235 -16.3772831 ]
 [  9.44427299   2.77441001 -15.65545464]
 [  7.66610909  -0.59341228 -13.75041771]]
[[ 29.52418137 -29.46286392  15.21110344]
 [ 30.46607208 -30.27284241  13.27639866]
 [ 27.05137253 -29.04856873  13.48636532]
 [  7.58531904   0.85415918 -15.7412796 ]
 [  8.60537624   2.9228251  -15.49306679]
 [  8.3521452   -0.4410134  -12.86814594]]
[[ 28.7786541  -29.06116867  16.583601  ]
 [ 29.7293396  -30.50992203  15.02883625]
 [ 26.6583786  -28.73097229  14.30639648]
 [  7.59850931   1.4711684  -16.12576485]
 [  8.83336163   3.36229992 -15.86404133]
 [  8.38268471  -0.1872499  -13.2043829 ]]
[[ 28.86156464 -29.42671013  15.86975384]
 [ 29.85700226 -30.52447701  14.06874371]
 [ 27.20369148 -27.95261192  13.27843761]
 [  7.99082661   0.55526525 -16.08278847]
 [  9.6654501    2.15266204 -15.41906929]
 [  8.7498455   -1.55908227 -13.71416092]]
[[ 29.11639595 -29.29034805  15.44570923]
 [ 30.35988045 -30.22999191  13.7676363 ]
 [ 26.65605354 -28.3510704   13.76168156]
 [  8.29883671   0.35885423 -16.59071732]
 [  9.62730885   2.18493652 -16.11131668]
 [  8.66856766  -1.33948994 -13.72878265]]
[[ 29.79502678 -29.3462429   15.64644718]
 [ 30.76417542 -29.97060966  13.62604427]
 [ 27.13249588 -29.24458122  14.45663548]
 [  8.37205601   0.60909617 -16.8633709 ]
 [  9.63616753   2.58876371 -16.31771278]
 [  8.41763496  -0.88216311 -13.95343304]]
[[-36.48807526 -28.70903015  14.57660007]
 [-35.39592361 -29.66661453  12.75533485]
 [-38.78727722 -27.97651291  12.74398518]
 [  7.65134239   0.17622894 -16.47618866]
 [  9.222826     2.01932287 -16.23695374]
 [  8.59444237  -1.3836385  -13.95310402]]
okay!
