### execution file: ordpara_charmm.py ###
	- input file: /home2/jcjeong/project/stanalyzer0/stanalyzer/media/jcjeong/20130528163207476615kfsedI/para
SELECT id FROM gui_outputs WHERE job_id = 367 and name = "ordpara_charmm0_ordpara_DXPE_C2.dat" 
+++ sort_str_num +++
+++ getSortedList +++
+++ extStrings +++
+++ getSortedList +++
total 4 tails: 60 atoms and 15 unique atoms
dnst_min=2, dnst_max=16, dnst_bin=1
Okay I am in ordpara_charmm.py!!!!!
AXIS = Z, <type 'unicode'>
Total # atoms = 16170, <type 'int'>
Reading PSF: /home2/jcjeong/project/charmm/emilia/step5_assembly.xplor_ext.psf
Reading DCD: /home2/jcjeong/project/charmm/emilia/step7_350.dcd
0 is done!
[0.0ps]selecting atoms...
DONE!
[5.0ps]selecting atoms...
DONE!
[10.0ps]selecting atoms...
DONE!
[15.0ps]selecting atoms...
DONE!
[20.0ps]selecting atoms...
DONE!
[25.0ps]selecting atoms...
DONE!
[30.0ps]selecting atoms...
DONE!
[35.0ps]selecting atoms...
DONE!
[40.0ps]selecting atoms...
DONE!
[45.0ps]selecting atoms...
DONE!
[50.0ps]selecting atoms...
DONE!
[55.0ps]selecting atoms...
DONE!
[60.0ps]selecting atoms...
DONE!
[65.0ps]selecting atoms...
DONE!
[70.0ps]selecting atoms...
DONE!
[75.0ps]selecting atoms...
DONE!
[80.0ps]selecting atoms...
DONE!
[85.0ps]selecting atoms...
DONE!
[90.0ps]selecting atoms...
DONE!
[95.0ps]selecting atoms...
DONE!
[100.0ps]selecting atoms...
DONE!
[105.0ps]selecting atoms...
DONE!
[110.0ps]selecting atoms...
DONE!
[115.0ps]selecting atoms...
DONE!
[120.0ps]selecting atoms...
DONE!
[125.0ps]selecting atoms...
DONE!
[130.0ps]selecting atoms...
DONE!
[135.0ps]selecting atoms...
DONE!
[140.0ps]selecting atoms...
DONE!
[145.0ps]selecting atoms...
DONE!
[150.0ps]selecting atoms...
DONE!
[155.0ps]selecting atoms...
DONE!
[160.0ps]selecting atoms...
DONE!
[165.0ps]selecting atoms...
DONE!
[170.0ps]selecting atoms...
DONE!
[175.0ps]selecting atoms...
DONE!
[180.0ps]selecting atoms...
DONE!
[185.0ps]selecting atoms...
DONE!
[190.0ps]selecting atoms...
DONE!
[195.0ps]selecting atoms...
DONE!
Reading PSF: /home2/jcjeong/project/charmm/emilia/step5_assembly.xplor_ext.psf
Reading DCD: /home2/jcjeong/project/charmm/emilia/step7_351.dcd
1 is done!
[200.0ps]selecting atoms...
DONE!
[205.0ps]selecting atoms...
DONE!
[210.0ps]selecting atoms...
DONE!
[215.0ps]selecting atoms...
DONE!
[220.0ps]selecting atoms...
DONE!
[225.0ps]selecting atoms...
DONE!
[230.0ps]selecting atoms...
DONE!
[235.0ps]selecting atoms...
DONE!
[240.0ps]selecting atoms...
DONE!
[245.0ps]selecting atoms...
DONE!
[250.0ps]selecting atoms...
DONE!
[255.0ps]selecting atoms...
DONE!
[260.0ps]selecting atoms...
DONE!
[265.0ps]selecting atoms...
DONE!
[270.0ps]selecting atoms...
DONE!
[275.0ps]selecting atoms...
DONE!
[280.0ps]selecting atoms...
DONE!
[285.0ps]selecting atoms...
DONE!
[290.0ps]selecting atoms...
DONE!
[295.0ps]selecting atoms...
DONE!
[300.0ps]selecting atoms...
DONE!
[305.0ps]selecting atoms...
DONE!
[310.0ps]selecting atoms...
DONE!
[315.0ps]selecting atoms...
DONE!
[320.0ps]selecting atoms...
DONE!
[325.0ps]selecting atoms...
DONE!
[330.0ps]selecting atoms...
DONE!
[335.0ps]selecting atoms...
DONE!
[340.0ps]selecting atoms...
DONE!
[345.0ps]selecting atoms...
DONE!
[350.0ps]selecting atoms...
DONE!
[355.0ps]selecting atoms...
DONE!
[360.0ps]selecting atoms...
DONE!
[365.0ps]selecting atoms...
DONE!
[370.0ps]selecting atoms...
DONE!
[375.0ps]selecting atoms...
DONE!
[380.0ps]selecting atoms...
DONE!
[385.0ps]selecting atoms...
DONE!
[390.0ps]selecting atoms...
DONE!
[395.0ps]selecting atoms...
DONE!
Reading PSF: /home2/jcjeong/project/charmm/emilia/step5_assembly.xplor_ext.psf
Reading DCD: /home2/jcjeong/project/charmm/emilia/step7_352.dcd
2 is done!
[400.0ps]selecting atoms...
DONE!
[405.0ps]selecting atoms...
DONE!
[410.0ps]selecting atoms...
DONE!
[415.0ps]selecting atoms...
DONE!
[420.0ps]selecting atoms...
DONE!
[425.0ps]selecting atoms...
DONE!
[430.0ps]selecting atoms...
DONE!
[435.0ps]selecting atoms...
DONE!
[440.0ps]selecting atoms...
DONE!
[445.0ps]selecting atoms...
DONE!
[450.0ps]selecting atoms...
DONE!
[455.0ps]selecting atoms...
DONE!
[460.0ps]selecting atoms...
DONE!
[465.0ps]selecting atoms...
DONE!
[470.0ps]selecting atoms...
DONE!
[475.0ps]selecting atoms...
DONE!
[480.0ps]selecting atoms...
DONE!
[485.0ps]selecting atoms...
DONE!
[490.0ps]selecting atoms...
DONE!
[495.0ps]selecting atoms...
DONE!
[500.0ps]selecting atoms...
DONE!
[505.0ps]selecting atoms...
DONE!
[510.0ps]selecting atoms...
DONE!
[515.0ps]selecting atoms...
DONE!
[520.0ps]selecting atoms...
DONE!
[525.0ps]selecting atoms...
DONE!
[530.0ps]selecting atoms...
DONE!
[535.0ps]selecting atoms...
DONE!
[540.0ps]selecting atoms...
DONE!
[545.0ps]selecting atoms...
DONE!
[550.0ps]selecting atoms...
DONE!
[555.0ps]selecting atoms...
DONE!
[560.0ps]selecting atoms...
DONE!
[565.0ps]selecting atoms...
DONE!
[570.0ps]selecting atoms...
DONE!
[575.0ps]selecting atoms...
DONE!
[580.0ps]selecting atoms...
DONE!
[585.0ps]selecting atoms...
DONE!
[590.0ps]selecting atoms...
DONE!
[595.0ps]selecting atoms...
DONE!
Reading PSF: /home2/jcjeong/project/charmm/emilia/step5_assembly.xplor_ext.psf
Reading DCD: /home2/jcjeong/project/charmm/emilia/step7_353.dcd
3 is done!
[600.0ps]selecting atoms...
DONE!
[605.0ps]selecting atoms...
DONE!
[610.0ps]selecting atoms...
DONE!
[615.0ps]selecting atoms...
DONE!
[620.0ps]selecting atoms...
DONE!
[625.0ps]selecting atoms...
DONE!
[630.0ps]selecting atoms...
DONE!
[635.0ps]selecting atoms...
DONE!
[640.0ps]selecting atoms...
DONE!
[645.0ps]selecting atoms...
DONE!
[650.0ps]selecting atoms...
DONE!
[655.0ps]selecting atoms...
DONE!
[660.0ps]selecting atoms...
DONE!
[665.0ps]selecting atoms...
DONE!
[670.0ps]selecting atoms...
DONE!
[675.0ps]selecting atoms...
DONE!
[680.0ps]selecting atoms...
DONE!
[685.0ps]selecting atoms...
DONE!
[690.0ps]selecting atoms...
DONE!
[695.0ps]selecting atoms...
DONE!
[700.0ps]selecting atoms...
DONE!
[705.0ps]selecting atoms...
DONE!
[710.0ps]selecting atoms...
DONE!
[715.0ps]selecting atoms...
DONE!
[720.0ps]selecting atoms...
DONE!
[725.0ps]selecting atoms...
DONE!
[730.0ps]selecting atoms...
DONE!
[735.0ps]selecting atoms...
DONE!
[740.0ps]selecting atoms...
DONE!
[745.0ps]selecting atoms...
DONE!
[750.0ps]selecting atoms...
DONE!
[755.0ps]selecting atoms...
DONE!
[760.0ps]selecting atoms...
DONE!
[765.0ps]selecting atoms...
DONE!
[770.0ps]selecting atoms...
DONE!
[775.0ps]selecting atoms...
DONE!
[780.0ps]selecting atoms...
DONE!
[785.0ps]selecting atoms...
DONE!
[790.0ps]selecting atoms...
DONE!
[795.0ps]selecting atoms...
DONE!
Reading PSF: /home2/jcjeong/project/charmm/emilia/step5_assembly.xplor_ext.psf
Reading DCD: /home2/jcjeong/project/charmm/emilia/step7_354.dcd
4 is done!
[800.0ps]selecting atoms...
DONE!
[805.0ps]selecting atoms...
DONE!
[810.0ps]selecting atoms...
DONE!
[815.0ps]selecting atoms...
DONE!
[820.0ps]selecting atoms...
DONE!
[825.0ps]selecting atoms...
DONE!
[830.0ps]selecting atoms...
DONE!
[835.0ps]selecting atoms...
DONE!
[840.0ps]selecting atoms...
DONE!
[845.0ps]selecting atoms...
DONE!
[850.0ps]selecting atoms...
DONE!
[855.0ps]selecting atoms...
DONE!
[860.0ps]selecting atoms...
DONE!
[865.0ps]selecting atoms...
DONE!
[870.0ps]selecting atoms...
DONE!
[875.0ps]selecting atoms...
DONE!
[880.0ps]selecting atoms...
DONE!
[885.0ps]selecting atoms...
DONE!
[890.0ps]selecting atoms...
DONE!
[895.0ps]selecting atoms...
DONE!
[900.0ps]selecting atoms...
DONE!
[905.0ps]selecting atoms...
DONE!
[910.0ps]selecting atoms...
DONE!
[915.0ps]selecting atoms...
DONE!
[920.0ps]selecting atoms...
DONE!
[925.0ps]selecting atoms...
DONE!
[930.0ps]selecting atoms...
DONE!
[935.0ps]selecting atoms...
DONE!
[940.0ps]selecting atoms...
DONE!
[945.0ps]selecting atoms...
DONE!
[950.0ps]selecting atoms...
DONE!
[955.0ps]selecting atoms...
DONE!
[960.0ps]selecting atoms...
DONE!
[965.0ps]selecting atoms...
DONE!
[970.0ps]selecting atoms...
DONE!
[975.0ps]selecting atoms...
DONE!
[980.0ps]selecting atoms...
DONE!
[985.0ps]selecting atoms...
DONE!
[990.0ps]selecting atoms...
DONE!
[995.0ps]selecting atoms...
DONE!
Reading PSF: /home2/jcjeong/project/charmm/emilia/step5_assembly.xplor_ext.psf
Reading DCD: /home2/jcjeong/project/charmm/emilia/step7_355.dcd
5 is done!
[1000.0ps]selecting atoms...
DONE!
[1005.0ps]selecting atoms...
DONE!
[1010.0ps]selecting atoms...
DONE!
[1015.0ps]selecting atoms...
DONE!
[1020.0ps]selecting atoms...
DONE!
[1025.0ps]selecting atoms...
DONE!
[1030.0ps]selecting atoms...
DONE!
[1035.0ps]selecting atoms...
DONE!
[1040.0ps]selecting atoms...
DONE!
[1045.0ps]selecting atoms...
DONE!
[1050.0ps]selecting atoms...
DONE!
[1055.0ps]selecting atoms...
DONE!
[1060.0ps]selecting atoms...
DONE!
[1065.0ps]selecting atoms...
DONE!
[1070.0ps]selecting atoms...
DONE!
[1075.0ps]selecting atoms...
DONE!
[1080.0ps]selecting atoms...
DONE!
[1085.0ps]selecting atoms...
DONE!
[1090.0ps]selecting atoms...
DONE!
[1095.0ps]selecting atoms...
DONE!
[1100.0ps]selecting atoms...
DONE!
[1105.0ps]selecting atoms...
DONE!
[1110.0ps]selecting atoms...
DONE!
[1115.0ps]selecting atoms...
DONE!
[1120.0ps]selecting atoms...
DONE!
[1125.0ps]selecting atoms...
DONE!
[1130.0ps]selecting atoms...
DONE!
[1135.0ps]selecting atoms...
DONE!
[1140.0ps]selecting atoms...
DONE!
[1145.0ps]selecting atoms...
DONE!
[1150.0ps]selecting atoms...
DONE!
[1155.0ps]selecting atoms...
DONE!
[1160.0ps]selecting atoms...
DONE!
[1165.0ps]selecting atoms...
DONE!
[1170.0ps]selecting atoms...
DONE!
[1175.0ps]selecting atoms...
DONE!
[1180.0ps]selecting atoms...
DONE!
[1185.0ps]selecting atoms...
DONE!
[1190.0ps]selecting atoms...
DONE!
[1195.0ps]selecting atoms...
DONE!
Reading PSF: /home2/jcjeong/project/charmm/emilia/step5_assembly.xplor_ext.psf
Reading DCD: /home2/jcjeong/project/charmm/emilia/step7_356.dcd
6 is done!
[1200.0ps]selecting atoms...
DONE!
[1205.0ps]selecting atoms...
DONE!
[1210.0ps]selecting atoms...
DONE!
[1215.0ps]selecting atoms...
DONE!
[1220.0ps]selecting atoms...
DONE!
[1225.0ps]selecting atoms...
DONE!
[1230.0ps]selecting atoms...
DONE!
[1235.0ps]selecting atoms...
DONE!
[1240.0ps]selecting atoms...
DONE!
[1245.0ps]selecting atoms...
DONE!
[1250.0ps]selecting atoms...
DONE!
[1255.0ps]selecting atoms...
DONE!
[1260.0ps]selecting atoms...
DONE!
[1265.0ps]selecting atoms...
DONE!
[1270.0ps]selecting atoms...
DONE!
[1275.0ps]selecting atoms...
DONE!
[1280.0ps]selecting atoms...
DONE!
[1285.0ps]selecting atoms...
DONE!
[1290.0ps]selecting atoms...
DONE!
[1295.0ps]selecting atoms...
DONE!
[1300.0ps]selecting atoms...
DONE!
[1305.0ps]selecting atoms...
DONE!
[1310.0ps]selecting atoms...
DONE!
[1315.0ps]selecting atoms...
DONE!
[1320.0ps]selecting atoms...
DONE!
[1325.0ps]selecting atoms...
DONE!
[1330.0ps]selecting atoms...
DONE!
[1335.0ps]selecting atoms...
DONE!
[1340.0ps]selecting atoms...
DONE!
[1345.0ps]selecting atoms...
DONE!
[1350.0ps]selecting atoms...
DONE!
[1355.0ps]selecting atoms...
DONE!
[1360.0ps]selecting atoms...
DONE!
[1365.0ps]selecting atoms...
DONE!
[1370.0ps]selecting atoms...
DONE!
[1375.0ps]selecting atoms...
DONE!
[1380.0ps]selecting atoms...
DONE!
[1385.0ps]selecting atoms...
DONE!
[1390.0ps]selecting atoms...
DONE!
[1395.0ps]selecting atoms...
DONE!
Reading PSF: /home2/jcjeong/project/charmm/emilia/step5_assembly.xplor_ext.psf
Reading DCD: /home2/jcjeong/project/charmm/emilia/step7_357.dcd
7 is done!
[1400.0ps]selecting atoms...
DONE!
[1405.0ps]selecting atoms...
DONE!
[1410.0ps]selecting atoms...
DONE!
[1415.0ps]selecting atoms...
DONE!
[1420.0ps]selecting atoms...
DONE!
[1425.0ps]selecting atoms...
DONE!
[1430.0ps]selecting atoms...
DONE!
[1435.0ps]selecting atoms...
DONE!
[1440.0ps]selecting atoms...
DONE!
[1445.0ps]selecting atoms...
DONE!
[1450.0ps]selecting atoms...
DONE!
[1455.0ps]selecting atoms...
DONE!
[1460.0ps]selecting atoms...
DONE!
[1465.0ps]selecting atoms...
DONE!
[1470.0ps]selecting atoms...
DONE!
[1475.0ps]selecting atoms...
DONE!
[1480.0ps]selecting atoms...
DONE!
[1485.0ps]selecting atoms...
DONE!
[1490.0ps]selecting atoms...
DONE!
[1495.0ps]selecting atoms...
DONE!
[1500.0ps]selecting atoms...
DONE!
[1505.0ps]selecting atoms...
DONE!
[1510.0ps]selecting atoms...
DONE!
[1515.0ps]selecting atoms...
DONE!
[1520.0ps]selecting atoms...
DONE!
[1525.0ps]selecting atoms...
DONE!
[1530.0ps]selecting atoms...
DONE!
[1535.0ps]selecting atoms...
DONE!
[1540.0ps]selecting atoms...
DONE!
[1545.0ps]selecting atoms...
DONE!
[1550.0ps]selecting atoms...
DONE!
[1555.0ps]selecting atoms...
DONE!
[1560.0ps]selecting atoms...
DONE!
[1565.0ps]selecting atoms...
DONE!
[1570.0ps]selecting atoms...
DONE!
[1575.0ps]selecting atoms...
DONE!
[1580.0ps]selecting atoms...
DONE!
[1585.0ps]selecting atoms...
DONE!
[1590.0ps]selecting atoms...
DONE!
[1595.0ps]selecting atoms...
DONE!
Reading PSF: /home2/jcjeong/project/charmm/emilia/step5_assembly.xplor_ext.psf
Reading DCD: /home2/jcjeong/project/charmm/emilia/step7_358.dcd
8 is done!
[1600.0ps]selecting atoms...
DONE!
[1605.0ps]selecting atoms...
DONE!
[1610.0ps]selecting atoms...
DONE!
[1615.0ps]selecting atoms...
DONE!
[1620.0ps]selecting atoms...
DONE!
[1625.0ps]selecting atoms...
DONE!
[1630.0ps]selecting atoms...
DONE!
[1635.0ps]selecting atoms...
DONE!
[1640.0ps]selecting atoms...
DONE!
[1645.0ps]selecting atoms...
DONE!
[1650.0ps]selecting atoms...
DONE!
[1655.0ps]selecting atoms...
DONE!
[1660.0ps]selecting atoms...
DONE!
[1665.0ps]selecting atoms...
DONE!
[1670.0ps]selecting atoms...
DONE!
[1675.0ps]selecting atoms...
DONE!
[1680.0ps]selecting atoms...
DONE!
[1685.0ps]selecting atoms...
DONE!
[1690.0ps]selecting atoms...
DONE!
[1695.0ps]selecting atoms...
DONE!
[1700.0ps]selecting atoms...
DONE!
[1705.0ps]selecting atoms...
DONE!
[1710.0ps]selecting atoms...
DONE!
[1715.0ps]selecting atoms...
DONE!
[1720.0ps]selecting atoms...
DONE!
[1725.0ps]selecting atoms...
DONE!
[1730.0ps]selecting atoms...
DONE!
[1735.0ps]selecting atoms...
DONE!
[1740.0ps]selecting atoms...
DONE!
[1745.0ps]selecting atoms...
DONE!
[1750.0ps]selecting atoms...
DONE!
[1755.0ps]selecting atoms...
DONE!
[1760.0ps]selecting atoms...
DONE!
[1765.0ps]selecting atoms...
DONE!
[1770.0ps]selecting atoms...
DONE!
[1775.0ps]selecting atoms...
DONE!
[1780.0ps]selecting atoms...
DONE!
[1785.0ps]selecting atoms...
DONE!
[1790.0ps]selecting atoms...
DONE!
[1795.0ps]selecting atoms...
DONE!
Reading PSF: /home2/jcjeong/project/charmm/emilia/step5_assembly.xplor_ext.psf
Reading DCD: /home2/jcjeong/project/charmm/emilia/step7_359.dcd
9 is done!
[1800.0ps]selecting atoms...
DONE!
[1805.0ps]selecting atoms...
DONE!
[1810.0ps]selecting atoms...
DONE!
[1815.0ps]selecting atoms...
DONE!
[1820.0ps]selecting atoms...
DONE!
[1825.0ps]selecting atoms...
DONE!
[1830.0ps]selecting atoms...
DONE!
[1835.0ps]selecting atoms...
DONE!
[1840.0ps]selecting atoms...
DONE!
[1845.0ps]selecting atoms...
DONE!
[1850.0ps]selecting atoms...
DONE!
[1855.0ps]selecting atoms...
DONE!
[1860.0ps]selecting atoms...
DONE!
[1865.0ps]selecting atoms...
DONE!
[1870.0ps]selecting atoms...
DONE!
[1875.0ps]selecting atoms...
DONE!
[1880.0ps]selecting atoms...
DONE!
[1885.0ps]selecting atoms...
DONE!
[1890.0ps]selecting atoms...
DONE!
[1895.0ps]selecting atoms...
DONE!
[1900.0ps]selecting atoms...
DONE!
[1905.0ps]selecting atoms...
DONE!
[1910.0ps]selecting atoms...
DONE!
[1915.0ps]selecting atoms...
DONE!
[1920.0ps]selecting atoms...
DONE!
[1925.0ps]selecting atoms...
DONE!
[1930.0ps]selecting atoms...
DONE!
[1935.0ps]selecting atoms...
DONE!
[1940.0ps]selecting atoms...
DONE!
[1945.0ps]selecting atoms...
DONE!
[1950.0ps]selecting atoms...
DONE!
[1955.0ps]selecting atoms...
DONE!
[1960.0ps]selecting atoms...
DONE!
[1965.0ps]selecting atoms...
DONE!
[1970.0ps]selecting atoms...
DONE!
[1975.0ps]selecting atoms...
DONE!
[1980.0ps]selecting atoms...
DONE!
[1985.0ps]selecting atoms...
DONE!
[1990.0ps]selecting atoms...
DONE!
[1995.0ps]selecting atoms...
DONE!
Reading PSF: /home2/jcjeong/project/charmm/emilia/step5_assembly.xplor_ext.psf
Reading DCD: /home2/jcjeong/project/charmm/emilia/step7_360.dcd
10 is done!
[2000.0ps]selecting atoms...
DONE!
[2005.0ps]selecting atoms...
DONE!
[2010.0ps]selecting atoms...
DONE!
[2015.0ps]selecting atoms...
DONE!
[2020.0ps]selecting atoms...
DONE!
[2025.0ps]selecting atoms...
DONE!
[2030.0ps]selecting atoms...
DONE!
[2035.0ps]selecting atoms...
DONE!
[2040.0ps]selecting atoms...
DONE!
[2045.0ps]selecting atoms...
DONE!
[2050.0ps]selecting atoms...
DONE!
[2055.0ps]selecting atoms...
DONE!
[2060.0ps]selecting atoms...
DONE!
[2065.0ps]selecting atoms...
DONE!
[2070.0ps]selecting atoms...
DONE!
[2075.0ps]selecting atoms...
DONE!
[2080.0ps]selecting atoms...
DONE!
[2085.0ps]selecting atoms...
DONE!
[2090.0ps]selecting atoms...
DONE!
[2095.0ps]selecting atoms...
DONE!
[2100.0ps]selecting atoms...
DONE!
[2105.0ps]selecting atoms...
DONE!
[2110.0ps]selecting atoms...
DONE!
[2115.0ps]selecting atoms...
DONE!
[2120.0ps]selecting atoms...
DONE!
[2125.0ps]selecting atoms...
DONE!
[2130.0ps]selecting atoms...
DONE!
[2135.0ps]selecting atoms...
DONE!
[2140.0ps]selecting atoms...
DONE!
[2145.0ps]selecting atoms...
DONE!
[2150.0ps]selecting atoms...
DONE!
[2155.0ps]selecting atoms...
DONE!
[2160.0ps]selecting atoms...
DONE!
[2165.0ps]selecting atoms...
DONE!
[2170.0ps]selecting atoms...
DONE!
[2175.0ps]selecting atoms...
DONE!
[2180.0ps]selecting atoms...
DONE!
[2185.0ps]selecting atoms...
DONE!
[2190.0ps]selecting atoms...
DONE!
[2195.0ps]selecting atoms...
DONE!
Reading PSF: /home2/jcjeong/project/charmm/emilia/step5_assembly.xplor_ext.psf
Reading DCD: /home2/jcjeong/project/charmm/emilia/step7_361.dcd
11 is done!
[2200.0ps]selecting atoms...
DONE!
[2205.0ps]selecting atoms...
DONE!
[2210.0ps]selecting atoms...
DONE!
[2215.0ps]selecting atoms...
DONE!
[2220.0ps]selecting atoms...
DONE!
[2225.0ps]selecting atoms...
DONE!
[2230.0ps]selecting atoms...
DONE!
[2235.0ps]selecting atoms...
DONE!
[2240.0ps]selecting atoms...
DONE!
[2245.0ps]selecting atoms...
DONE!
[2250.0ps]selecting atoms...
DONE!
[2255.0ps]selecting atoms...
DONE!
[2260.0ps]selecting atoms...
DONE!
[2265.0ps]selecting atoms...
DONE!
[2270.0ps]selecting atoms...
DONE!
[2275.0ps]selecting atoms...
DONE!
[2280.0ps]selecting atoms...
DONE!
[2285.0ps]selecting atoms...
DONE!
[2290.0ps]selecting atoms...
DONE!
[2295.0ps]selecting atoms...
DONE!
[2300.0ps]selecting atoms...
DONE!
[2305.0ps]selecting atoms...
DONE!
[2310.0ps]selecting atoms...
DONE!
[2315.0ps]selecting atoms...
DONE!
[2320.0ps]selecting atoms...
DONE!
[2325.0ps]selecting atoms...
DONE!
[2330.0ps]selecting atoms...
DONE!
[2335.0ps]selecting atoms...
DONE!
[2340.0ps]selecting atoms...
DONE!
[2345.0ps]selecting atoms...
DONE!
[2350.0ps]selecting atoms...
DONE!
[2355.0ps]selecting atoms...
DONE!
[2360.0ps]selecting atoms...
DONE!
[2365.0ps]selecting atoms...
DONE!
[2370.0ps]selecting atoms...
DONE!
[2375.0ps]selecting atoms...
DONE!
[2380.0ps]selecting atoms...
DONE!
[2385.0ps]selecting atoms...
DONE!
[2390.0ps]selecting atoms...
DONE!
[2395.0ps]selecting atoms...
DONE!
Reading PSF: /home2/jcjeong/project/charmm/emilia/step5_assembly.xplor_ext.psf
Reading DCD: /home2/jcjeong/project/charmm/emilia/step7_362.dcd
12 is done!
[2400.0ps]selecting atoms...
DONE!
[2405.0ps]selecting atoms...
DONE!
[2410.0ps]selecting atoms...
DONE!
[2415.0ps]selecting atoms...
DONE!
[2420.0ps]selecting atoms...
DONE!
[2425.0ps]selecting atoms...
DONE!
[2430.0ps]selecting atoms...
DONE!
[2435.0ps]selecting atoms...
DONE!
[2440.0ps]selecting atoms...
DONE!
[2445.0ps]selecting atoms...
DONE!
[2450.0ps]selecting atoms...
DONE!
[2455.0ps]selecting atoms...
DONE!
[2460.0ps]selecting atoms...
DONE!
[2465.0ps]selecting atoms...
DONE!
[2470.0ps]selecting atoms...
DONE!
[2475.0ps]selecting atoms...
DONE!
[2480.0ps]selecting atoms...
DONE!
[2485.0ps]selecting atoms...
DONE!
[2490.0ps]selecting atoms...
DONE!
[2495.0ps]selecting atoms...
DONE!
[2500.0ps]selecting atoms...
DONE!
[2505.0ps]selecting atoms...
DONE!
[2510.0ps]selecting atoms...
DONE!
[2515.0ps]selecting atoms...
DONE!
[2520.0ps]selecting atoms...
DONE!
[2525.0ps]selecting atoms...
DONE!
[2530.0ps]selecting atoms...
DONE!
[2535.0ps]selecting atoms...
DONE!
[2540.0ps]selecting atoms...
DONE!
[2545.0ps]selecting atoms...
DONE!
[2550.0ps]selecting atoms...
DONE!
[2555.0ps]selecting atoms...
DONE!
[2560.0ps]selecting atoms...
DONE!
[2565.0ps]selecting atoms...
DONE!
[2570.0ps]selecting atoms...
DONE!
[2575.0ps]selecting atoms...
DONE!
[2580.0ps]selecting atoms...
DONE!
[2585.0ps]selecting atoms...
DONE!
[2590.0ps]selecting atoms...
DONE!
[2595.0ps]selecting atoms...
DONE!
Reading PSF: /home2/jcjeong/project/charmm/emilia/step5_assembly.xplor_ext.psf
Reading DCD: /home2/jcjeong/project/charmm/emilia/step7_363.dcd
13 is done!
[2600.0ps]selecting atoms...
DONE!
[2605.0ps]selecting atoms...
DONE!
[2610.0ps]selecting atoms...
DONE!
[2615.0ps]selecting atoms...
DONE!
[2620.0ps]selecting atoms...
DONE!
[2625.0ps]selecting atoms...
DONE!
[2630.0ps]selecting atoms...
DONE!
[2635.0ps]selecting atoms...
DONE!
[2640.0ps]selecting atoms...
DONE!
[2645.0ps]selecting atoms...
DONE!
[2650.0ps]selecting atoms...
DONE!
[2655.0ps]selecting atoms...
DONE!
[2660.0ps]selecting atoms...
DONE!
[2665.0ps]selecting atoms...
DONE!
[2670.0ps]selecting atoms...
DONE!
[2675.0ps]selecting atoms...
DONE!
[2680.0ps]selecting atoms...
DONE!
[2685.0ps]selecting atoms...
DONE!
[2690.0ps]selecting atoms...
DONE!
[2695.0ps]selecting atoms...
DONE!
[2700.0ps]selecting atoms...
DONE!
[2705.0ps]selecting atoms...
DONE!
[2710.0ps]selecting atoms...
DONE!
[2715.0ps]selecting atoms...
DONE!
[2720.0ps]selecting atoms...
DONE!
[2725.0ps]selecting atoms...
DONE!
[2730.0ps]selecting atoms...
DONE!
[2735.0ps]selecting atoms...
DONE!
[2740.0ps]selecting atoms...
DONE!
[2745.0ps]selecting atoms...
DONE!
[2750.0ps]selecting atoms...
DONE!
[2755.0ps]selecting atoms...
DONE!
[2760.0ps]selecting atoms...
DONE!
[2765.0ps]selecting atoms...
DONE!
[2770.0ps]selecting atoms...
DONE!
[2775.0ps]selecting atoms...
DONE!
[2780.0ps]selecting atoms...
DONE!
[2785.0ps]selecting atoms...
DONE!
[2790.0ps]selecting atoms...
DONE!
[2795.0ps]selecting atoms...
DONE!
Reading PSF: /home2/jcjeong/project/charmm/emilia/step5_assembly.xplor_ext.psf
Reading DCD: /home2/jcjeong/project/charmm/emilia/step7_364.dcd
14 is done!
[2800.0ps]selecting atoms...
DONE!
[2805.0ps]selecting atoms...
DONE!
[2810.0ps]selecting atoms...
DONE!
[2815.0ps]selecting atoms...
DONE!
[2820.0ps]selecting atoms...
DONE!
[2825.0ps]selecting atoms...
DONE!
[2830.0ps]selecting atoms...
DONE!
[2835.0ps]selecting atoms...
DONE!
[2840.0ps]selecting atoms...
DONE!
[2845.0ps]selecting atoms...
DONE!
[2850.0ps]selecting atoms...
DONE!
[2855.0ps]selecting atoms...
DONE!
[2860.0ps]selecting atoms...
DONE!
[2865.0ps]selecting atoms...
DONE!
[2870.0ps]selecting atoms...
DONE!
[2875.0ps]selecting atoms...
DONE!
[2880.0ps]selecting atoms...
DONE!
[2885.0ps]selecting atoms...
DONE!
[2890.0ps]selecting atoms...
DONE!
[2895.0ps]selecting atoms...
DONE!
[2900.0ps]selecting atoms...
DONE!
[2905.0ps]selecting atoms...
DONE!
[2910.0ps]selecting atoms...
DONE!
[2915.0ps]selecting atoms...
DONE!
[2920.0ps]selecting atoms...
DONE!
[2925.0ps]selecting atoms...
DONE!
[2930.0ps]selecting atoms...
DONE!
[2935.0ps]selecting atoms...
DONE!
[2940.0ps]selecting atoms...
DONE!
[2945.0ps]selecting atoms...
DONE!
[2950.0ps]selecting atoms...
DONE!
[2955.0ps]selecting atoms...
DONE!
[2960.0ps]selecting atoms...
DONE!
[2965.0ps]selecting atoms...
DONE!
[2970.0ps]selecting atoms...
DONE!
[2975.0ps]selecting atoms...
DONE!
[2980.0ps]selecting atoms...
DONE!
[2985.0ps]selecting atoms...
DONE!
[2990.0ps]selecting atoms...
DONE!
[2995.0ps]selecting atoms...
DONE!
Reading PSF: /home2/jcjeong/project/charmm/emilia/step5_assembly.xplor_ext.psf
Reading DCD: /home2/jcjeong/project/charmm/emilia/step7_365.dcd
15 is done!
[3000.0ps]selecting atoms...
DONE!
[3005.0ps]selecting atoms...
DONE!
[3010.0ps]selecting atoms...
DONE!
[3015.0ps]selecting atoms...
DONE!
[3020.0ps]selecting atoms...
DONE!
[3025.0ps]selecting atoms...
DONE!
[3030.0ps]selecting atoms...
DONE!
[3035.0ps]selecting atoms...
DONE!
[3040.0ps]selecting atoms...
DONE!
[3045.0ps]selecting atoms...
DONE!
[3050.0ps]selecting atoms...
DONE!
[3055.0ps]selecting atoms...
DONE!
[3060.0ps]selecting atoms...
DONE!
[3065.0ps]selecting atoms...
DONE!
[3070.0ps]selecting atoms...
DONE!
[3075.0ps]selecting atoms...
DONE!
[3080.0ps]selecting atoms...
DONE!
[3085.0ps]selecting atoms...
DONE!
[3090.0ps]selecting atoms...
DONE!
[3095.0ps]selecting atoms...
DONE!
[3100.0ps]selecting atoms...
DONE!
[3105.0ps]selecting atoms...
DONE!
[3110.0ps]selecting atoms...
DONE!
[3115.0ps]selecting atoms...
DONE!
[3120.0ps]selecting atoms...
DONE!
[3125.0ps]selecting atoms...
DONE!
[3130.0ps]selecting atoms...
DONE!
[3135.0ps]selecting atoms...
DONE!
[3140.0ps]selecting atoms...
DONE!
[3145.0ps]selecting atoms...
DONE!
[3150.0ps]selecting atoms...
DONE!
[3155.0ps]selecting atoms...
DONE!
[3160.0ps]selecting atoms...
DONE!
[3165.0ps]selecting atoms...
DONE!
[3170.0ps]selecting atoms...
DONE!
[3175.0ps]selecting atoms...
DONE!
[3180.0ps]selecting atoms...
DONE!
[3185.0ps]selecting atoms...
DONE!
[3190.0ps]selecting atoms...
DONE!
[3195.0ps]selecting atoms...
DONE!
Reading PSF: /home2/jcjeong/project/charmm/emilia/step5_assembly.xplor_ext.psf
Reading DCD: /home2/jcjeong/project/charmm/emilia/step7_366.dcd
16 is done!
[3200.0ps]selecting atoms...
DONE!
[3205.0ps]selecting atoms...
DONE!
[3210.0ps]selecting atoms...
DONE!
[3215.0ps]selecting atoms...
DONE!
[3220.0ps]selecting atoms...
DONE!
[3225.0ps]selecting atoms...
DONE!
[3230.0ps]selecting atoms...
DONE!
[3235.0ps]selecting atoms...
DONE!
[3240.0ps]selecting atoms...
DONE!
[3245.0ps]selecting atoms...
DONE!
[3250.0ps]selecting atoms...
DONE!
[3255.0ps]selecting atoms...
DONE!
[3260.0ps]selecting atoms...
DONE!
[3265.0ps]selecting atoms...
DONE!
[3270.0ps]selecting atoms...
DONE!
[3275.0ps]selecting atoms...
DONE!
[3280.0ps]selecting atoms...
DONE!
[3285.0ps]selecting atoms...
DONE!
[3290.0ps]selecting atoms...
DONE!
[3295.0ps]selecting atoms...
DONE!
[3300.0ps]selecting atoms...
DONE!
[3305.0ps]selecting atoms...
DONE!
[3310.0ps]selecting atoms...
DONE!
[3315.0ps]selecting atoms...
DONE!
[3320.0ps]selecting atoms...
DONE!
[3325.0ps]selecting atoms...
DONE!
[3330.0ps]selecting atoms...
DONE!
[3335.0ps]selecting atoms...
DONE!
[3340.0ps]selecting atoms...
DONE!
[3345.0ps]selecting atoms...
DONE!
[3350.0ps]selecting atoms...
DONE!
[3355.0ps]selecting atoms...
DONE!
[3360.0ps]selecting atoms...
DONE!
[3365.0ps]selecting atoms...
DONE!
[3370.0ps]selecting atoms...
DONE!
[3375.0ps]selecting atoms...
DONE!
[3380.0ps]selecting atoms...
DONE!
[3385.0ps]selecting atoms...
DONE!
[3390.0ps]selecting atoms...
DONE!
[3395.0ps]selecting atoms...
DONE!
Reading PSF: /home2/jcjeong/project/charmm/emilia/step5_assembly.xplor_ext.psf
Reading DCD: /home2/jcjeong/project/charmm/emilia/step7_367.dcd
17 is done!
[3400.0ps]selecting atoms...
DONE!
[3405.0ps]selecting atoms...
DONE!
[3410.0ps]selecting atoms...
DONE!
[3415.0ps]selecting atoms...
DONE!
[3420.0ps]selecting atoms...
DONE!
[3425.0ps]selecting atoms...
DONE!
[3430.0ps]selecting atoms...
DONE!
[3435.0ps]selecting atoms...
DONE!
[3440.0ps]selecting atoms...
DONE!
[3445.0ps]selecting atoms...
DONE!
[3450.0ps]selecting atoms...
DONE!
[3455.0ps]selecting atoms...
DONE!
[3460.0ps]selecting atoms...
DONE!
[3465.0ps]selecting atoms...
DONE!
[3470.0ps]selecting atoms...
DONE!
[3475.0ps]selecting atoms...
DONE!
[3480.0ps]selecting atoms...
DONE!
[3485.0ps]selecting atoms...
DONE!
[3490.0ps]selecting atoms...
DONE!
[3495.0ps]selecting atoms...
DONE!
[3500.0ps]selecting atoms...
DONE!
[3505.0ps]selecting atoms...
DONE!
[3510.0ps]selecting atoms...
DONE!
[3515.0ps]selecting atoms...
DONE!
[3520.0ps]selecting atoms...
DONE!
[3525.0ps]selecting atoms...
DONE!
[3530.0ps]selecting atoms...
DONE!
[3535.0ps]selecting atoms...
DONE!
[3540.0ps]selecting atoms...
DONE!
[3545.0ps]selecting atoms...
DONE!
[3550.0ps]selecting atoms...
DONE!
[3555.0ps]selecting atoms...
DONE!
[3560.0ps]selecting atoms...
DONE!
[3565.0ps]selecting atoms...
DONE!
[3570.0ps]selecting atoms...
DONE!
[3575.0ps]selecting atoms...
DONE!
[3580.0ps]selecting atoms...
DONE!
[3585.0ps]selecting atoms...
DONE!
[3590.0ps]selecting atoms...
DONE!
[3595.0ps]selecting atoms...
DONE!
Reading PSF: /home2/jcjeong/project/charmm/emilia/step5_assembly.xplor_ext.psf
Reading DCD: /home2/jcjeong/project/charmm/emilia/step7_368.dcd
18 is done!
[3600.0ps]selecting atoms...
DONE!
[3605.0ps]selecting atoms...
DONE!
[3610.0ps]selecting atoms...
DONE!
[3615.0ps]selecting atoms...
DONE!
[3620.0ps]selecting atoms...
DONE!
[3625.0ps]selecting atoms...
DONE!
[3630.0ps]selecting atoms...
DONE!
[3635.0ps]selecting atoms...
DONE!
[3640.0ps]selecting atoms...
DONE!
[3645.0ps]selecting atoms...
DONE!
[3650.0ps]selecting atoms...
DONE!
[3655.0ps]selecting atoms...
DONE!
[3660.0ps]selecting atoms...
DONE!
[3665.0ps]selecting atoms...
DONE!
[3670.0ps]selecting atoms...
DONE!
[3675.0ps]selecting atoms...
DONE!
[3680.0ps]selecting atoms...
DONE!
[3685.0ps]selecting atoms...
DONE!
[3690.0ps]selecting atoms...
DONE!
[3695.0ps]selecting atoms...
DONE!
[3700.0ps]selecting atoms...
DONE!
[3705.0ps]selecting atoms...
DONE!
[3710.0ps]selecting atoms...
DONE!
[3715.0ps]selecting atoms...
DONE!
[3720.0ps]selecting atoms...
DONE!
[3725.0ps]selecting atoms...
DONE!
[3730.0ps]selecting atoms...
DONE!
[3735.0ps]selecting atoms...
DONE!
[3740.0ps]selecting atoms...
DONE!
[3745.0ps]selecting atoms...
DONE!
[3750.0ps]selecting atoms...
DONE!
[3755.0ps]selecting atoms...
DONE!
[3760.0ps]selecting atoms...
DONE!
[3765.0ps]selecting atoms...
DONE!
[3770.0ps]selecting atoms...
DONE!
[3775.0ps]selecting atoms...
DONE!
[3780.0ps]selecting atoms...
DONE!
[3785.0ps]selecting atoms...
DONE!
[3790.0ps]selecting atoms...
DONE!
[3795.0ps]selecting atoms...
DONE!
Reading PSF: /home2/jcjeong/project/charmm/emilia/step5_assembly.xplor_ext.psf
Reading DCD: /home2/jcjeong/project/charmm/emilia/step7_369.dcd
19 is done!
[3800.0ps]selecting atoms...
DONE!
[3805.0ps]selecting atoms...
DONE!
[3810.0ps]selecting atoms...
DONE!
[3815.0ps]selecting atoms...
DONE!
[3820.0ps]selecting atoms...
DONE!
[3825.0ps]selecting atoms...
DONE!
[3830.0ps]selecting atoms...
DONE!
[3835.0ps]selecting atoms...
DONE!
[3840.0ps]selecting atoms...
DONE!
[3845.0ps]selecting atoms...
DONE!
[3850.0ps]selecting atoms...
DONE!
[3855.0ps]selecting atoms...
DONE!
[3860.0ps]selecting atoms...
DONE!
[3865.0ps]selecting atoms...
DONE!
[3870.0ps]selecting atoms...
DONE!
[3875.0ps]selecting atoms...
DONE!
[3880.0ps]selecting atoms...
DONE!
[3885.0ps]selecting atoms...
DONE!
[3890.0ps]selecting atoms...
DONE!
[3895.0ps]selecting atoms...
DONE!
[3900.0ps]selecting atoms...
DONE!
[3905.0ps]selecting atoms...
DONE!
[3910.0ps]selecting atoms...
DONE!
[3915.0ps]selecting atoms...
DONE!
[3920.0ps]selecting atoms...
DONE!
[3925.0ps]selecting atoms...
DONE!
[3930.0ps]selecting atoms...
DONE!
[3935.0ps]selecting atoms...
DONE!
[3940.0ps]selecting atoms...
DONE!
[3945.0ps]selecting atoms...
DONE!
[3950.0ps]selecting atoms...
DONE!
[3955.0ps]selecting atoms...
DONE!
[3960.0ps]selecting atoms...
DONE!
[3965.0ps]selecting atoms...
DONE!
[3970.0ps]selecting atoms...
DONE!
[3975.0ps]selecting atoms...
DONE!
[3980.0ps]selecting atoms...
DONE!
[3985.0ps]selecting atoms...
DONE!
[3990.0ps]selecting atoms...
DONE!
[3995.0ps]selecting atoms...
DONE!
Reading PSF: /home2/jcjeong/project/charmm/emilia/step5_assembly.xplor_ext.psf
Reading DCD: /home2/jcjeong/project/charmm/emilia/step7_370.dcd
20 is done!
[4000.0ps]selecting atoms...
DONE!
[4005.0ps]selecting atoms...
DONE!
[4010.0ps]selecting atoms...
DONE!
[4015.0ps]selecting atoms...
DONE!
[4020.0ps]selecting atoms...
DONE!
[4025.0ps]selecting atoms...
DONE!
[4030.0ps]selecting atoms...
DONE!
[4035.0ps]selecting atoms...
DONE!
[4040.0ps]selecting atoms...
DONE!
[4045.0ps]selecting atoms...
DONE!
[4050.0ps]selecting atoms...
DONE!
[4055.0ps]selecting atoms...
DONE!
[4060.0ps]selecting atoms...
DONE!
[4065.0ps]selecting atoms...
DONE!
[4070.0ps]selecting atoms...
DONE!
[4075.0ps]selecting atoms...
DONE!
[4080.0ps]selecting atoms...
DONE!
[4085.0ps]selecting atoms...
DONE!
[4090.0ps]selecting atoms...
DONE!
[4095.0ps]selecting atoms...
DONE!
[4100.0ps]selecting atoms...
DONE!
[4105.0ps]selecting atoms...
DONE!
[4110.0ps]selecting atoms...
DONE!
[4115.0ps]selecting atoms...
DONE!
[4120.0ps]selecting atoms...
DONE!
[4125.0ps]selecting atoms...
DONE!
[4130.0ps]selecting atoms...
DONE!
[4135.0ps]selecting atoms...
DONE!
[4140.0ps]selecting atoms...
DONE!
[4145.0ps]selecting atoms...
DONE!
[4150.0ps]selecting atoms...
DONE!
[4155.0ps]selecting atoms...
DONE!
[4160.0ps]selecting atoms...
DONE!
[4165.0ps]selecting atoms...
DONE!
[4170.0ps]selecting atoms...
DONE!
[4175.0ps]selecting atoms...
DONE!
[4180.0ps]selecting atoms...
DONE!
[4185.0ps]selecting atoms...
DONE!
[4190.0ps]selecting atoms...
DONE!
[4195.0ps]selecting atoms...
DONE!
okay!
