### execution file: density.py ###
	- input file: /home2/jcjeong/project/stanalyzer0/stanalyzer/media/jcjeong/201304171558383770728lg1T1/para
SELECT id FROM gui_outputs WHERE job_id = 173 and name = "density4_density_custom0_all.dat" 
AXIS = Z, <type 'unicode'>
MIN = -61.0, <type 'float'>
MAX = 61.0, <type 'float'>
BIN = 1.0, <type 'float'>
QUERY = all, <type 'unicode'>
Total # atoms = 32727, <type 'int'>
Reading PSF: /home2/jcjeong/project/charmm/dol_dopc_1/step5_assembly.xplor_ext.psf
Reading DCD: /home2/jcjeong/project/charmm/dol_dopc_1/step7_0.dcd
0 is done!
[0.0ps]selecting atoms...
DONE!
crdZ is selected!
[5.0ps]selecting atoms...
DONE!
crdZ is selected!
[10.0ps]selecting atoms...
DONE!
crdZ is selected!
[15.0ps]selecting atoms...
DONE!
crdZ is selected!
[20.0ps]selecting atoms...
DONE!
crdZ is selected!
[25.0ps]selecting atoms...
DONE!
crdZ is selected!
[30.0ps]selecting atoms...
DONE!
crdZ is selected!
[35.0ps]selecting atoms...
DONE!
crdZ is selected!
[40.0ps]selecting atoms...
DONE!
crdZ is selected!
[45.0ps]selecting atoms...
DONE!
crdZ is selected!
[50.0ps]selecting atoms...
DONE!
crdZ is selected!
[55.0ps]selecting atoms...
DONE!
crdZ is selected!
[60.0ps]selecting atoms...
DONE!
crdZ is selected!
[65.0ps]selecting atoms...
DONE!
crdZ is selected!
[70.0ps]selecting atoms...
DONE!
crdZ is selected!
[75.0ps]selecting atoms...
DONE!
crdZ is selected!
[80.0ps]selecting atoms...
DONE!
crdZ is selected!
[85.0ps]selecting atoms...
DONE!
crdZ is selected!
[90.0ps]selecting atoms...
DONE!
crdZ is selected!
[95.0ps]selecting atoms...
DONE!
crdZ is selected!
[100.0ps]selecting atoms...
DONE!
crdZ is selected!
[105.0ps]selecting atoms...
DONE!
crdZ is selected!
[110.0ps]selecting atoms...
DONE!
crdZ is selected!
[115.0ps]selecting atoms...
DONE!
crdZ is selected!
[120.0ps]selecting atoms...
DONE!
crdZ is selected!
[125.0ps]selecting atoms...
DONE!
crdZ is selected!
[130.0ps]selecting atoms...
DONE!
crdZ is selected!
[135.0ps]selecting atoms...
DONE!
crdZ is selected!
[140.0ps]selecting atoms...
DONE!
crdZ is selected!
[145.0ps]selecting atoms...
DONE!
crdZ is selected!
[150.0ps]selecting atoms...
DONE!
crdZ is selected!
[155.0ps]selecting atoms...
DONE!
crdZ is selected!
[160.0ps]selecting atoms...
DONE!
crdZ is selected!
[165.0ps]selecting atoms...
DONE!
crdZ is selected!
[170.0ps]selecting atoms...
DONE!
crdZ is selected!
[175.0ps]selecting atoms...
DONE!
crdZ is selected!
[180.0ps]selecting atoms...
DONE!
crdZ is selected!
[185.0ps]selecting atoms...
DONE!
crdZ is selected!
[190.0ps]selecting atoms...
DONE!
crdZ is selected!
[195.0ps]selecting atoms...
DONE!
crdZ is selected!
[200.0ps]selecting atoms...
DONE!
crdZ is selected!
[205.0ps]selecting atoms...
DONE!
crdZ is selected!
[210.0ps]selecting atoms...
DONE!
crdZ is selected!
[215.0ps]selecting atoms...
DONE!
crdZ is selected!
[220.0ps]selecting atoms...
DONE!
crdZ is selected!
[225.0ps]selecting atoms...
DONE!
crdZ is selected!
[230.0ps]selecting atoms...
DONE!
crdZ is selected!
[235.0ps]selecting atoms...
DONE!
crdZ is selected!
[240.0ps]selecting atoms...
DONE!
crdZ is selected!
[245.0ps]selecting atoms...
DONE!
crdZ is selected!
Reading PSF: /home2/jcjeong/project/charmm/dol_dopc_1/step5_assembly.xplor_ext.psf
Reading DCD: /home2/jcjeong/project/charmm/dol_dopc_1/step7_1.dcd
1 is done!
[250.0ps]selecting atoms...
DONE!
crdZ is selected!
[255.0ps]selecting atoms...
DONE!
crdZ is selected!
[260.0ps]selecting atoms...
DONE!
crdZ is selected!
[265.0ps]selecting atoms...
DONE!
crdZ is selected!
[270.0ps]selecting atoms...
DONE!
crdZ is selected!
[275.0ps]selecting atoms...
DONE!
crdZ is selected!
[280.0ps]selecting atoms...
DONE!
crdZ is selected!
[285.0ps]selecting atoms...
DONE!
crdZ is selected!
[290.0ps]selecting atoms...
DONE!
crdZ is selected!
[295.0ps]selecting atoms...
DONE!
crdZ is selected!
[300.0ps]selecting atoms...
DONE!
crdZ is selected!
[305.0ps]selecting atoms...
DONE!
crdZ is selected!
[310.0ps]selecting atoms...
DONE!
crdZ is selected!
[315.0ps]selecting atoms...
DONE!
crdZ is selected!
[320.0ps]selecting atoms...
DONE!
crdZ is selected!
[325.0ps]selecting atoms...
DONE!
crdZ is selected!
[330.0ps]selecting atoms...
DONE!
crdZ is selected!
[335.0ps]selecting atoms...
DONE!
crdZ is selected!
[340.0ps]selecting atoms...
DONE!
crdZ is selected!
[345.0ps]selecting atoms...
DONE!
crdZ is selected!
[350.0ps]selecting atoms...
DONE!
crdZ is selected!
[355.0ps]selecting atoms...
DONE!
crdZ is selected!
[360.0ps]selecting atoms...
DONE!
crdZ is selected!
[365.0ps]selecting atoms...
DONE!
crdZ is selected!
[370.0ps]selecting atoms...
DONE!
crdZ is selected!
[375.0ps]selecting atoms...
DONE!
crdZ is selected!
[380.0ps]selecting atoms...
DONE!
crdZ is selected!
[385.0ps]selecting atoms...
DONE!
crdZ is selected!
[390.0ps]selecting atoms...
DONE!
crdZ is selected!
[395.0ps]selecting atoms...
DONE!
crdZ is selected!
[400.0ps]selecting atoms...
DONE!
crdZ is selected!
[405.0ps]selecting atoms...
DONE!
crdZ is selected!
[410.0ps]selecting atoms...
DONE!
crdZ is selected!
[415.0ps]selecting atoms...
DONE!
crdZ is selected!
[420.0ps]selecting atoms...
DONE!
crdZ is selected!
[425.0ps]selecting atoms...
DONE!
crdZ is selected!
[430.0ps]selecting atoms...
DONE!
crdZ is selected!
[435.0ps]selecting atoms...
DONE!
crdZ is selected!
[440.0ps]selecting atoms...
DONE!
crdZ is selected!
[445.0ps]selecting atoms...
DONE!
crdZ is selected!
[450.0ps]selecting atoms...
DONE!
crdZ is selected!
[455.0ps]selecting atoms...
DONE!
crdZ is selected!
[460.0ps]selecting atoms...
DONE!
crdZ is selected!
[465.0ps]selecting atoms...
DONE!
crdZ is selected!
[470.0ps]selecting atoms...
DONE!
crdZ is selected!
[475.0ps]selecting atoms...
DONE!
crdZ is selected!
[480.0ps]selecting atoms...
DONE!
crdZ is selected!
[485.0ps]selecting atoms...
DONE!
crdZ is selected!
[490.0ps]selecting atoms...
DONE!
crdZ is selected!
[495.0ps]selecting atoms...
DONE!
crdZ is selected!
Reading PSF: /home2/jcjeong/project/charmm/dol_dopc_1/step5_assembly.xplor_ext.psf
Reading DCD: /home2/jcjeong/project/charmm/dol_dopc_1/step7_2.dcd
2 is done!
[500.0ps]selecting atoms...
DONE!
crdZ is selected!
[505.0ps]selecting atoms...
DONE!
crdZ is selected!
[510.0ps]selecting atoms...
DONE!
crdZ is selected!
[515.0ps]selecting atoms...
DONE!
crdZ is selected!
[520.0ps]selecting atoms...
DONE!
crdZ is selected!
[525.0ps]selecting atoms...
DONE!
crdZ is selected!
[530.0ps]selecting atoms...
DONE!
crdZ is selected!
[535.0ps]selecting atoms...
DONE!
crdZ is selected!
[540.0ps]selecting atoms...
DONE!
crdZ is selected!
[545.0ps]selecting atoms...
DONE!
crdZ is selected!
[550.0ps]selecting atoms...
DONE!
crdZ is selected!
[555.0ps]selecting atoms...
DONE!
crdZ is selected!
[560.0ps]selecting atoms...
DONE!
crdZ is selected!
[565.0ps]selecting atoms...
DONE!
crdZ is selected!
[570.0ps]selecting atoms...
DONE!
crdZ is selected!
[575.0ps]selecting atoms...
DONE!
crdZ is selected!
[580.0ps]selecting atoms...
DONE!
crdZ is selected!
[585.0ps]selecting atoms...
DONE!
crdZ is selected!
[590.0ps]selecting atoms...
DONE!
crdZ is selected!
[595.0ps]selecting atoms...
DONE!
crdZ is selected!
[600.0ps]selecting atoms...
DONE!
crdZ is selected!
[605.0ps]selecting atoms...
DONE!
crdZ is selected!
[610.0ps]selecting atoms...
DONE!
crdZ is selected!
[615.0ps]selecting atoms...
DONE!
crdZ is selected!
[620.0ps]selecting atoms...
DONE!
crdZ is selected!
[625.0ps]selecting atoms...
DONE!
crdZ is selected!
[630.0ps]selecting atoms...
DONE!
crdZ is selected!
[635.0ps]selecting atoms...
DONE!
crdZ is selected!
[640.0ps]selecting atoms...
DONE!
crdZ is selected!
[645.0ps]selecting atoms...
DONE!
crdZ is selected!
[650.0ps]selecting atoms...
DONE!
crdZ is selected!
[655.0ps]selecting atoms...
DONE!
crdZ is selected!
[660.0ps]selecting atoms...
DONE!
crdZ is selected!
[665.0ps]selecting atoms...
DONE!
crdZ is selected!
[670.0ps]selecting atoms...
DONE!
crdZ is selected!
[675.0ps]selecting atoms...
DONE!
crdZ is selected!
[680.0ps]selecting atoms...
DONE!
crdZ is selected!
[685.0ps]selecting atoms...
DONE!
crdZ is selected!
[690.0ps]selecting atoms...
DONE!
crdZ is selected!
[695.0ps]selecting atoms...
DONE!
crdZ is selected!
[700.0ps]selecting atoms...
DONE!
crdZ is selected!
[705.0ps]selecting atoms...
DONE!
crdZ is selected!
[710.0ps]selecting atoms...
DONE!
crdZ is selected!
[715.0ps]selecting atoms...
DONE!
crdZ is selected!
[720.0ps]selecting atoms...
DONE!
crdZ is selected!
[725.0ps]selecting atoms...
DONE!
crdZ is selected!
[730.0ps]selecting atoms...
DONE!
crdZ is selected!
[735.0ps]selecting atoms...
DONE!
crdZ is selected!
[740.0ps]selecting atoms...
DONE!
crdZ is selected!
[745.0ps]selecting atoms...
DONE!
crdZ is selected!
Reading PSF: /home2/jcjeong/project/charmm/dol_dopc_1/step5_assembly.xplor_ext.psf
Reading DCD: /home2/jcjeong/project/charmm/dol_dopc_1/step7_3.dcd
3 is done!
[750.0ps]selecting atoms...
DONE!
crdZ is selected!
[755.0ps]selecting atoms...
DONE!
crdZ is selected!
[760.0ps]selecting atoms...
DONE!
crdZ is selected!
[765.0ps]selecting atoms...
DONE!
crdZ is selected!
[770.0ps]selecting atoms...
DONE!
crdZ is selected!
[775.0ps]selecting atoms...
DONE!
crdZ is selected!
[780.0ps]selecting atoms...
DONE!
crdZ is selected!
[785.0ps]selecting atoms...
DONE!
crdZ is selected!
[790.0ps]selecting atoms...
DONE!
crdZ is selected!
[795.0ps]selecting atoms...
DONE!
crdZ is selected!
[800.0ps]selecting atoms...
DONE!
crdZ is selected!
[805.0ps]selecting atoms...
DONE!
crdZ is selected!
[810.0ps]selecting atoms...
DONE!
crdZ is selected!
[815.0ps]selecting atoms...
DONE!
crdZ is selected!
[820.0ps]selecting atoms...
DONE!
crdZ is selected!
[825.0ps]selecting atoms...
DONE!
crdZ is selected!
[830.0ps]selecting atoms...
DONE!
crdZ is selected!
[835.0ps]selecting atoms...
DONE!
crdZ is selected!
[840.0ps]selecting atoms...
DONE!
crdZ is selected!
[845.0ps]selecting atoms...
DONE!
crdZ is selected!
[850.0ps]selecting atoms...
DONE!
crdZ is selected!
[855.0ps]selecting atoms...
DONE!
crdZ is selected!
[860.0ps]selecting atoms...
DONE!
crdZ is selected!
[865.0ps]selecting atoms...
DONE!
crdZ is selected!
[870.0ps]selecting atoms...
DONE!
crdZ is selected!
[875.0ps]selecting atoms...
DONE!
crdZ is selected!
[880.0ps]selecting atoms...
DONE!
crdZ is selected!
[885.0ps]selecting atoms...
DONE!
crdZ is selected!
[890.0ps]selecting atoms...
DONE!
crdZ is selected!
[895.0ps]selecting atoms...
DONE!
crdZ is selected!
[900.0ps]selecting atoms...
DONE!
crdZ is selected!
[905.0ps]selecting atoms...
DONE!
crdZ is selected!
[910.0ps]selecting atoms...
DONE!
crdZ is selected!
[915.0ps]selecting atoms...
DONE!
crdZ is selected!
[920.0ps]selecting atoms...
DONE!
crdZ is selected!
[925.0ps]selecting atoms...
DONE!
crdZ is selected!
[930.0ps]selecting atoms...
DONE!
crdZ is selected!
[935.0ps]selecting atoms...
DONE!
crdZ is selected!
[940.0ps]selecting atoms...
DONE!
crdZ is selected!
[945.0ps]selecting atoms...
DONE!
crdZ is selected!
[950.0ps]selecting atoms...
DONE!
crdZ is selected!
[955.0ps]selecting atoms...
DONE!
crdZ is selected!
[960.0ps]selecting atoms...
DONE!
crdZ is selected!
[965.0ps]selecting atoms...
DONE!
crdZ is selected!
[970.0ps]selecting atoms...
DONE!
crdZ is selected!
[975.0ps]selecting atoms...
DONE!
crdZ is selected!
[980.0ps]selecting atoms...
DONE!
crdZ is selected!
[985.0ps]selecting atoms...
DONE!
crdZ is selected!
[990.0ps]selecting atoms...
DONE!
crdZ is selected!
[995.0ps]selecting atoms...
DONE!
crdZ is selected!
Reading PSF: /home2/jcjeong/project/charmm/dol_dopc_1/step5_assembly.xplor_ext.psf
Reading DCD: /home2/jcjeong/project/charmm/dol_dopc_1/step7_4.dcd
4 is done!
[1000.0ps]selecting atoms...
DONE!
crdZ is selected!
[1005.0ps]selecting atoms...
DONE!
crdZ is selected!
[1010.0ps]selecting atoms...
DONE!
crdZ is selected!
[1015.0ps]selecting atoms...
DONE!
crdZ is selected!
[1020.0ps]selecting atoms...
DONE!
crdZ is selected!
[1025.0ps]selecting atoms...
DONE!
crdZ is selected!
[1030.0ps]selecting atoms...
DONE!
crdZ is selected!
[1035.0ps]selecting atoms...
DONE!
crdZ is selected!
[1040.0ps]selecting atoms...
DONE!
crdZ is selected!
[1045.0ps]selecting atoms...
DONE!
crdZ is selected!
[1050.0ps]selecting atoms...
DONE!
crdZ is selected!
[1055.0ps]selecting atoms...
DONE!
crdZ is selected!
[1060.0ps]selecting atoms...
DONE!
crdZ is selected!
[1065.0ps]selecting atoms...
DONE!
crdZ is selected!
[1070.0ps]selecting atoms...
DONE!
crdZ is selected!
[1075.0ps]selecting atoms...
DONE!
crdZ is selected!
[1080.0ps]selecting atoms...
DONE!
crdZ is selected!
[1085.0ps]selecting atoms...
DONE!
crdZ is selected!
[1090.0ps]selecting atoms...
DONE!
crdZ is selected!
[1095.0ps]selecting atoms...
DONE!
crdZ is selected!
[1100.0ps]selecting atoms...
DONE!
crdZ is selected!
[1105.0ps]selecting atoms...
DONE!
crdZ is selected!
[1110.0ps]selecting atoms...
DONE!
crdZ is selected!
[1115.0ps]selecting atoms...
DONE!
crdZ is selected!
[1120.0ps]selecting atoms...
DONE!
crdZ is selected!
[1125.0ps]selecting atoms...
DONE!
crdZ is selected!
[1130.0ps]selecting atoms...
DONE!
crdZ is selected!
[1135.0ps]selecting atoms...
DONE!
crdZ is selected!
[1140.0ps]selecting atoms...
DONE!
crdZ is selected!
[1145.0ps]selecting atoms...
DONE!
crdZ is selected!
[1150.0ps]selecting atoms...
DONE!
crdZ is selected!
[1155.0ps]selecting atoms...
DONE!
crdZ is selected!
[1160.0ps]selecting atoms...
DONE!
crdZ is selected!
[1165.0ps]selecting atoms...
DONE!
crdZ is selected!
[1170.0ps]selecting atoms...
DONE!
crdZ is selected!
[1175.0ps]selecting atoms...
DONE!
crdZ is selected!
[1180.0ps]selecting atoms...
DONE!
crdZ is selected!
[1185.0ps]selecting atoms...
DONE!
crdZ is selected!
[1190.0ps]selecting atoms...
DONE!
crdZ is selected!
[1195.0ps]selecting atoms...
DONE!
crdZ is selected!
[1200.0ps]selecting atoms...
DONE!
crdZ is selected!
[1205.0ps]selecting atoms...
DONE!
crdZ is selected!
[1210.0ps]selecting atoms...
DONE!
crdZ is selected!
[1215.0ps]selecting atoms...
DONE!
crdZ is selected!
[1220.0ps]selecting atoms...
DONE!
crdZ is selected!
[1225.0ps]selecting atoms...
DONE!
crdZ is selected!
[1230.0ps]selecting atoms...
DONE!
crdZ is selected!
[1235.0ps]selecting atoms...
DONE!
crdZ is selected!
[1240.0ps]selecting atoms...
DONE!
crdZ is selected!
[1245.0ps]selecting atoms...
DONE!
crdZ is selected!
Reading PSF: /home2/jcjeong/project/charmm/dol_dopc_1/step5_assembly.xplor_ext.psf
Reading DCD: /home2/jcjeong/project/charmm/dol_dopc_1/step7_5.dcd
5 is done!
[1250.0ps]selecting atoms...
DONE!
crdZ is selected!
[1255.0ps]selecting atoms...
DONE!
crdZ is selected!
[1260.0ps]selecting atoms...
DONE!
crdZ is selected!
[1265.0ps]selecting atoms...
DONE!
crdZ is selected!
[1270.0ps]selecting atoms...
DONE!
crdZ is selected!
[1275.0ps]selecting atoms...
DONE!
crdZ is selected!
[1280.0ps]selecting atoms...
DONE!
crdZ is selected!
[1285.0ps]selecting atoms...
DONE!
crdZ is selected!
[1290.0ps]selecting atoms...
DONE!
crdZ is selected!
[1295.0ps]selecting atoms...
DONE!
crdZ is selected!
[1300.0ps]selecting atoms...
DONE!
crdZ is selected!
[1305.0ps]selecting atoms...
DONE!
crdZ is selected!
[1310.0ps]selecting atoms...
DONE!
crdZ is selected!
[1315.0ps]selecting atoms...
DONE!
crdZ is selected!
[1320.0ps]selecting atoms...
DONE!
crdZ is selected!
[1325.0ps]selecting atoms...
DONE!
crdZ is selected!
[1330.0ps]selecting atoms...
DONE!
crdZ is selected!
[1335.0ps]selecting atoms...
DONE!
crdZ is selected!
[1340.0ps]selecting atoms...
DONE!
crdZ is selected!
[1345.0ps]selecting atoms...
DONE!
crdZ is selected!
[1350.0ps]selecting atoms...
DONE!
crdZ is selected!
[1355.0ps]selecting atoms...
DONE!
crdZ is selected!
[1360.0ps]selecting atoms...
DONE!
crdZ is selected!
[1365.0ps]selecting atoms...
DONE!
crdZ is selected!
[1370.0ps]selecting atoms...
DONE!
crdZ is selected!
[1375.0ps]selecting atoms...
DONE!
crdZ is selected!
[1380.0ps]selecting atoms...
DONE!
crdZ is selected!
[1385.0ps]selecting atoms...
DONE!
crdZ is selected!
[1390.0ps]selecting atoms...
DONE!
crdZ is selected!
[1395.0ps]selecting atoms...
DONE!
crdZ is selected!
[1400.0ps]selecting atoms...
DONE!
crdZ is selected!
[1405.0ps]selecting atoms...
DONE!
crdZ is selected!
[1410.0ps]selecting atoms...
DONE!
crdZ is selected!
[1415.0ps]selecting atoms...
DONE!
crdZ is selected!
[1420.0ps]selecting atoms...
DONE!
crdZ is selected!
[1425.0ps]selecting atoms...
DONE!
crdZ is selected!
[1430.0ps]selecting atoms...
DONE!
crdZ is selected!
[1435.0ps]selecting atoms...
DONE!
crdZ is selected!
[1440.0ps]selecting atoms...
DONE!
crdZ is selected!
[1445.0ps]selecting atoms...
DONE!
crdZ is selected!
[1450.0ps]selecting atoms...
DONE!
crdZ is selected!
[1455.0ps]selecting atoms...
DONE!
crdZ is selected!
[1460.0ps]selecting atoms...
DONE!
crdZ is selected!
[1465.0ps]selecting atoms...
DONE!
crdZ is selected!
[1470.0ps]selecting atoms...
DONE!
crdZ is selected!
[1475.0ps]selecting atoms...
DONE!
crdZ is selected!
[1480.0ps]selecting atoms...
DONE!
crdZ is selected!
[1485.0ps]selecting atoms...
DONE!
crdZ is selected!
[1490.0ps]selecting atoms...
DONE!
crdZ is selected!
[1495.0ps]selecting atoms...
DONE!
crdZ is selected!
Reading PSF: /home2/jcjeong/project/charmm/dol_dopc_1/step5_assembly.xplor_ext.psf
Reading DCD: /home2/jcjeong/project/charmm/dol_dopc_1/step7_6.dcd
6 is done!
[1500.0ps]selecting atoms...
DONE!
crdZ is selected!
[1505.0ps]selecting atoms...
DONE!
crdZ is selected!
[1510.0ps]selecting atoms...
DONE!
crdZ is selected!
[1515.0ps]selecting atoms...
DONE!
crdZ is selected!
[1520.0ps]selecting atoms...
DONE!
crdZ is selected!
[1525.0ps]selecting atoms...
DONE!
crdZ is selected!
[1530.0ps]selecting atoms...
DONE!
crdZ is selected!
[1535.0ps]selecting atoms...
DONE!
crdZ is selected!
[1540.0ps]selecting atoms...
DONE!
crdZ is selected!
[1545.0ps]selecting atoms...
DONE!
crdZ is selected!
[1550.0ps]selecting atoms...
DONE!
crdZ is selected!
[1555.0ps]selecting atoms...
DONE!
crdZ is selected!
[1560.0ps]selecting atoms...
DONE!
crdZ is selected!
[1565.0ps]selecting atoms...
DONE!
crdZ is selected!
[1570.0ps]selecting atoms...
DONE!
crdZ is selected!
[1575.0ps]selecting atoms...
DONE!
crdZ is selected!
[1580.0ps]selecting atoms...
DONE!
crdZ is selected!
[1585.0ps]selecting atoms...
DONE!
crdZ is selected!
[1590.0ps]selecting atoms...
DONE!
crdZ is selected!
[1595.0ps]selecting atoms...
DONE!
crdZ is selected!
[1600.0ps]selecting atoms...
DONE!
crdZ is selected!
[1605.0ps]selecting atoms...
DONE!
crdZ is selected!
[1610.0ps]selecting atoms...
DONE!
crdZ is selected!
[1615.0ps]selecting atoms...
DONE!
crdZ is selected!
[1620.0ps]selecting atoms...
DONE!
crdZ is selected!
[1625.0ps]selecting atoms...
DONE!
crdZ is selected!
[1630.0ps]selecting atoms...
DONE!
crdZ is selected!
[1635.0ps]selecting atoms...
DONE!
crdZ is selected!
[1640.0ps]selecting atoms...
DONE!
crdZ is selected!
[1645.0ps]selecting atoms...
DONE!
crdZ is selected!
[1650.0ps]selecting atoms...
DONE!
crdZ is selected!
[1655.0ps]selecting atoms...
DONE!
crdZ is selected!
[1660.0ps]selecting atoms...
DONE!
crdZ is selected!
[1665.0ps]selecting atoms...
DONE!
crdZ is selected!
[1670.0ps]selecting atoms...
DONE!
crdZ is selected!
[1675.0ps]selecting atoms...
DONE!
crdZ is selected!
[1680.0ps]selecting atoms...
DONE!
crdZ is selected!
[1685.0ps]selecting atoms...
DONE!
crdZ is selected!
[1690.0ps]selecting atoms...
DONE!
crdZ is selected!
[1695.0ps]selecting atoms...
DONE!
crdZ is selected!
[1700.0ps]selecting atoms...
DONE!
crdZ is selected!
[1705.0ps]selecting atoms...
DONE!
crdZ is selected!
[1710.0ps]selecting atoms...
DONE!
crdZ is selected!
[1715.0ps]selecting atoms...
DONE!
crdZ is selected!
[1720.0ps]selecting atoms...
DONE!
crdZ is selected!
[1725.0ps]selecting atoms...
DONE!
crdZ is selected!
[1730.0ps]selecting atoms...
DONE!
crdZ is selected!
[1735.0ps]selecting atoms...
DONE!
crdZ is selected!
[1740.0ps]selecting atoms...
DONE!
crdZ is selected!
[1745.0ps]selecting atoms...
DONE!
crdZ is selected!
Reading PSF: /home2/jcjeong/project/charmm/dol_dopc_1/step5_assembly.xplor_ext.psf
Reading DCD: /home2/jcjeong/project/charmm/dol_dopc_1/step7_7.dcd
7 is done!
[1750.0ps]selecting atoms...
DONE!
crdZ is selected!
[1755.0ps]selecting atoms...
DONE!
crdZ is selected!
[1760.0ps]selecting atoms...
DONE!
crdZ is selected!
[1765.0ps]selecting atoms...
DONE!
crdZ is selected!
[1770.0ps]selecting atoms...
DONE!
crdZ is selected!
[1775.0ps]selecting atoms...
DONE!
crdZ is selected!
[1780.0ps]selecting atoms...
DONE!
crdZ is selected!
[1785.0ps]selecting atoms...
DONE!
crdZ is selected!
[1790.0ps]selecting atoms...
DONE!
crdZ is selected!
[1795.0ps]selecting atoms...
DONE!
crdZ is selected!
[1800.0ps]selecting atoms...
DONE!
crdZ is selected!
[1805.0ps]selecting atoms...
DONE!
crdZ is selected!
[1810.0ps]selecting atoms...
DONE!
crdZ is selected!
[1815.0ps]selecting atoms...
DONE!
crdZ is selected!
[1820.0ps]selecting atoms...
DONE!
crdZ is selected!
[1825.0ps]selecting atoms...
DONE!
crdZ is selected!
[1830.0ps]selecting atoms...
DONE!
crdZ is selected!
[1835.0ps]selecting atoms...
DONE!
crdZ is selected!
[1840.0ps]selecting atoms...
DONE!
crdZ is selected!
[1845.0ps]selecting atoms...
DONE!
crdZ is selected!
[1850.0ps]selecting atoms...
DONE!
crdZ is selected!
[1855.0ps]selecting atoms...
DONE!
crdZ is selected!
[1860.0ps]selecting atoms...
DONE!
crdZ is selected!
[1865.0ps]selecting atoms...
DONE!
crdZ is selected!
[1870.0ps]selecting atoms...
DONE!
crdZ is selected!
[1875.0ps]selecting atoms...
DONE!
crdZ is selected!
[1880.0ps]selecting atoms...
DONE!
crdZ is selected!
[1885.0ps]selecting atoms...
DONE!
crdZ is selected!
[1890.0ps]selecting atoms...
DONE!
crdZ is selected!
[1895.0ps]selecting atoms...
DONE!
crdZ is selected!
[1900.0ps]selecting atoms...
DONE!
crdZ is selected!
[1905.0ps]selecting atoms...
DONE!
crdZ is selected!
[1910.0ps]selecting atoms...
DONE!
crdZ is selected!
[1915.0ps]selecting atoms...
DONE!
crdZ is selected!
[1920.0ps]selecting atoms...
DONE!
crdZ is selected!
[1925.0ps]selecting atoms...
DONE!
crdZ is selected!
[1930.0ps]selecting atoms...
DONE!
crdZ is selected!
[1935.0ps]selecting atoms...
DONE!
crdZ is selected!
[1940.0ps]selecting atoms...
DONE!
crdZ is selected!
[1945.0ps]selecting atoms...
DONE!
crdZ is selected!
[1950.0ps]selecting atoms...
DONE!
crdZ is selected!
[1955.0ps]selecting atoms...
DONE!
crdZ is selected!
[1960.0ps]selecting atoms...
DONE!
crdZ is selected!
[1965.0ps]selecting atoms...
DONE!
crdZ is selected!
[1970.0ps]selecting atoms...
DONE!
crdZ is selected!
[1975.0ps]selecting atoms...
DONE!
crdZ is selected!
[1980.0ps]selecting atoms...
DONE!
crdZ is selected!
[1985.0ps]selecting atoms...
DONE!
crdZ is selected!
[1990.0ps]selecting atoms...
DONE!
crdZ is selected!
[1995.0ps]selecting atoms...
DONE!
crdZ is selected!
Reading PSF: /home2/jcjeong/project/charmm/dol_dopc_1/step5_assembly.xplor_ext.psf
Reading DCD: /home2/jcjeong/project/charmm/dol_dopc_1/step7_8.dcd
8 is done!
[2000.0ps]selecting atoms...
DONE!
crdZ is selected!
[2005.0ps]selecting atoms...
DONE!
crdZ is selected!
[2010.0ps]selecting atoms...
DONE!
crdZ is selected!
[2015.0ps]selecting atoms...
DONE!
crdZ is selected!
[2020.0ps]selecting atoms...
DONE!
crdZ is selected!
[2025.0ps]selecting atoms...
DONE!
crdZ is selected!
[2030.0ps]selecting atoms...
DONE!
crdZ is selected!
[2035.0ps]selecting atoms...
DONE!
crdZ is selected!
[2040.0ps]selecting atoms...
DONE!
crdZ is selected!
[2045.0ps]selecting atoms...
DONE!
crdZ is selected!
[2050.0ps]selecting atoms...
DONE!
crdZ is selected!
[2055.0ps]selecting atoms...
DONE!
crdZ is selected!
[2060.0ps]selecting atoms...
DONE!
crdZ is selected!
[2065.0ps]selecting atoms...
DONE!
crdZ is selected!
[2070.0ps]selecting atoms...
DONE!
crdZ is selected!
[2075.0ps]selecting atoms...
DONE!
crdZ is selected!
[2080.0ps]selecting atoms...
DONE!
crdZ is selected!
[2085.0ps]selecting atoms...
DONE!
crdZ is selected!
[2090.0ps]selecting atoms...
DONE!
crdZ is selected!
[2095.0ps]selecting atoms...
DONE!
crdZ is selected!
[2100.0ps]selecting atoms...
DONE!
crdZ is selected!
[2105.0ps]selecting atoms...
DONE!
crdZ is selected!
[2110.0ps]selecting atoms...
DONE!
crdZ is selected!
[2115.0ps]selecting atoms...
DONE!
crdZ is selected!
[2120.0ps]selecting atoms...
DONE!
crdZ is selected!
[2125.0ps]selecting atoms...
DONE!
crdZ is selected!
[2130.0ps]selecting atoms...
DONE!
crdZ is selected!
[2135.0ps]selecting atoms...
DONE!
crdZ is selected!
[2140.0ps]selecting atoms...
DONE!
crdZ is selected!
[2145.0ps]selecting atoms...
DONE!
crdZ is selected!
[2150.0ps]selecting atoms...
DONE!
crdZ is selected!
[2155.0ps]selecting atoms...
DONE!
crdZ is selected!
[2160.0ps]selecting atoms...
DONE!
crdZ is selected!
[2165.0ps]selecting atoms...
DONE!
crdZ is selected!
[2170.0ps]selecting atoms...
DONE!
crdZ is selected!
[2175.0ps]selecting atoms...
DONE!
crdZ is selected!
[2180.0ps]selecting atoms...
DONE!
crdZ is selected!
[2185.0ps]selecting atoms...
DONE!
crdZ is selected!
[2190.0ps]selecting atoms...
DONE!
crdZ is selected!
[2195.0ps]selecting atoms...
DONE!
crdZ is selected!
[2200.0ps]selecting atoms...
DONE!
crdZ is selected!
[2205.0ps]selecting atoms...
DONE!
crdZ is selected!
[2210.0ps]selecting atoms...
DONE!
crdZ is selected!
[2215.0ps]selecting atoms...
DONE!
crdZ is selected!
[2220.0ps]selecting atoms...
DONE!
crdZ is selected!
[2225.0ps]selecting atoms...
DONE!
crdZ is selected!
[2230.0ps]selecting atoms...
DONE!
crdZ is selected!
[2235.0ps]selecting atoms...
DONE!
crdZ is selected!
[2240.0ps]selecting atoms...
DONE!
crdZ is selected!
[2245.0ps]selecting atoms...
DONE!
crdZ is selected!
Reading PSF: /home2/jcjeong/project/charmm/dol_dopc_1/step5_assembly.xplor_ext.psf
Reading DCD: /home2/jcjeong/project/charmm/dol_dopc_1/step7_9.dcd
9 is done!
[2250.0ps]selecting atoms...
DONE!
crdZ is selected!
[2255.0ps]selecting atoms...
DONE!
crdZ is selected!
[2260.0ps]selecting atoms...
DONE!
crdZ is selected!
[2265.0ps]selecting atoms...
DONE!
crdZ is selected!
[2270.0ps]selecting atoms...
DONE!
crdZ is selected!
[2275.0ps]selecting atoms...
DONE!
crdZ is selected!
[2280.0ps]selecting atoms...
DONE!
crdZ is selected!
[2285.0ps]selecting atoms...
DONE!
crdZ is selected!
[2290.0ps]selecting atoms...
DONE!
crdZ is selected!
[2295.0ps]selecting atoms...
DONE!
crdZ is selected!
[2300.0ps]selecting atoms...
DONE!
crdZ is selected!
[2305.0ps]selecting atoms...
DONE!
crdZ is selected!
[2310.0ps]selecting atoms...
DONE!
crdZ is selected!
[2315.0ps]selecting atoms...
DONE!
crdZ is selected!
[2320.0ps]selecting atoms...
DONE!
crdZ is selected!
[2325.0ps]selecting atoms...
DONE!
crdZ is selected!
[2330.0ps]selecting atoms...
DONE!
crdZ is selected!
[2335.0ps]selecting atoms...
DONE!
crdZ is selected!
[2340.0ps]selecting atoms...
DONE!
crdZ is selected!
[2345.0ps]selecting atoms...
DONE!
crdZ is selected!
[2350.0ps]selecting atoms...
DONE!
crdZ is selected!
[2355.0ps]selecting atoms...
DONE!
crdZ is selected!
[2360.0ps]selecting atoms...
DONE!
crdZ is selected!
[2365.0ps]selecting atoms...
DONE!
crdZ is selected!
[2370.0ps]selecting atoms...
DONE!
crdZ is selected!
[2375.0ps]selecting atoms...
DONE!
crdZ is selected!
[2380.0ps]selecting atoms...
DONE!
crdZ is selected!
[2385.0ps]selecting atoms...
DONE!
crdZ is selected!
[2390.0ps]selecting atoms...
DONE!
crdZ is selected!
[2395.0ps]selecting atoms...
DONE!
crdZ is selected!
[2400.0ps]selecting atoms...
DONE!
crdZ is selected!
[2405.0ps]selecting atoms...
DONE!
crdZ is selected!
[2410.0ps]selecting atoms...
DONE!
crdZ is selected!
[2415.0ps]selecting atoms...
DONE!
crdZ is selected!
[2420.0ps]selecting atoms...
DONE!
crdZ is selected!
[2425.0ps]selecting atoms...
DONE!
crdZ is selected!
[2430.0ps]selecting atoms...
DONE!
crdZ is selected!
[2435.0ps]selecting atoms...
DONE!
crdZ is selected!
[2440.0ps]selecting atoms...
DONE!
crdZ is selected!
[2445.0ps]selecting atoms...
DONE!
crdZ is selected!
[2450.0ps]selecting atoms...
DONE!
crdZ is selected!
[2455.0ps]selecting atoms...
DONE!
crdZ is selected!
[2460.0ps]selecting atoms...
DONE!
crdZ is selected!
[2465.0ps]selecting atoms...
DONE!
crdZ is selected!
[2470.0ps]selecting atoms...
DONE!
crdZ is selected!
[2475.0ps]selecting atoms...
DONE!
crdZ is selected!
[2480.0ps]selecting atoms...
DONE!
crdZ is selected!
[2485.0ps]selecting atoms...
DONE!
crdZ is selected!
[2490.0ps]selecting atoms...
DONE!
crdZ is selected!
[2495.0ps]selecting atoms...
DONE!
crdZ is selected!
Reading PSF: /home2/jcjeong/project/charmm/dol_dopc_1/step5_assembly.xplor_ext.psf
Reading DCD: /home2/jcjeong/project/charmm/dol_dopc_1/step7_10.dcd
10 is done!
[2500.0ps]selecting atoms...
DONE!
crdZ is selected!
[2505.0ps]selecting atoms...
DONE!
crdZ is selected!
[2510.0ps]selecting atoms...
DONE!
crdZ is selected!
[2515.0ps]selecting atoms...
DONE!
crdZ is selected!
[2520.0ps]selecting atoms...
DONE!
crdZ is selected!
[2525.0ps]selecting atoms...
DONE!
crdZ is selected!
[2530.0ps]selecting atoms...
DONE!
crdZ is selected!
[2535.0ps]selecting atoms...
DONE!
crdZ is selected!
[2540.0ps]selecting atoms...
DONE!
crdZ is selected!
[2545.0ps]selecting atoms...
DONE!
crdZ is selected!
[2550.0ps]selecting atoms...
DONE!
crdZ is selected!
[2555.0ps]selecting atoms...
DONE!
crdZ is selected!
[2560.0ps]selecting atoms...
DONE!
crdZ is selected!
[2565.0ps]selecting atoms...
DONE!
crdZ is selected!
[2570.0ps]selecting atoms...
DONE!
crdZ is selected!
[2575.0ps]selecting atoms...
DONE!
crdZ is selected!
[2580.0ps]selecting atoms...
DONE!
crdZ is selected!
[2585.0ps]selecting atoms...
DONE!
crdZ is selected!
[2590.0ps]selecting atoms...
DONE!
crdZ is selected!
[2595.0ps]selecting atoms...
DONE!
crdZ is selected!
[2600.0ps]selecting atoms...
DONE!
crdZ is selected!
[2605.0ps]selecting atoms...
DONE!
crdZ is selected!
[2610.0ps]selecting atoms...
DONE!
crdZ is selected!
[2615.0ps]selecting atoms...
DONE!
crdZ is selected!
[2620.0ps]selecting atoms...
DONE!
crdZ is selected!
[2625.0ps]selecting atoms...
DONE!
crdZ is selected!
[2630.0ps]selecting atoms...
DONE!
crdZ is selected!
[2635.0ps]selecting atoms...
DONE!
crdZ is selected!
[2640.0ps]selecting atoms...
DONE!
crdZ is selected!
[2645.0ps]selecting atoms...
DONE!
crdZ is selected!
[2650.0ps]selecting atoms...
DONE!
crdZ is selected!
[2655.0ps]selecting atoms...
DONE!
crdZ is selected!
[2660.0ps]selecting atoms...
DONE!
crdZ is selected!
[2665.0ps]selecting atoms...
DONE!
crdZ is selected!
[2670.0ps]selecting atoms...
DONE!
crdZ is selected!
[2675.0ps]selecting atoms...
DONE!
crdZ is selected!
[2680.0ps]selecting atoms...
DONE!
crdZ is selected!
[2685.0ps]selecting atoms...
DONE!
crdZ is selected!
[2690.0ps]selecting atoms...
DONE!
crdZ is selected!
[2695.0ps]selecting atoms...
DONE!
crdZ is selected!
[2700.0ps]selecting atoms...
DONE!
crdZ is selected!
[2705.0ps]selecting atoms...
DONE!
crdZ is selected!
[2710.0ps]selecting atoms...
DONE!
crdZ is selected!
[2715.0ps]selecting atoms...
DONE!
crdZ is selected!
[2720.0ps]selecting atoms...
DONE!
crdZ is selected!
[2725.0ps]selecting atoms...
DONE!
crdZ is selected!
[2730.0ps]selecting atoms...
DONE!
crdZ is selected!
[2735.0ps]selecting atoms...
DONE!
crdZ is selected!
[2740.0ps]selecting atoms...
DONE!
crdZ is selected!
[2745.0ps]selecting atoms...
DONE!
crdZ is selected!
Reading PSF: /home2/jcjeong/project/charmm/dol_dopc_1/step5_assembly.xplor_ext.psf
Reading DCD: /home2/jcjeong/project/charmm/dol_dopc_1/step7_11.dcd
11 is done!
[2750.0ps]selecting atoms...
DONE!
crdZ is selected!
[2755.0ps]selecting atoms...
DONE!
crdZ is selected!
[2760.0ps]selecting atoms...
DONE!
crdZ is selected!
[2765.0ps]selecting atoms...
DONE!
crdZ is selected!
[2770.0ps]selecting atoms...
DONE!
crdZ is selected!
[2775.0ps]selecting atoms...
DONE!
crdZ is selected!
[2780.0ps]selecting atoms...
DONE!
crdZ is selected!
[2785.0ps]selecting atoms...
DONE!
crdZ is selected!
[2790.0ps]selecting atoms...
DONE!
crdZ is selected!
[2795.0ps]selecting atoms...
DONE!
crdZ is selected!
[2800.0ps]selecting atoms...
DONE!
crdZ is selected!
[2805.0ps]selecting atoms...
DONE!
crdZ is selected!
[2810.0ps]selecting atoms...
DONE!
crdZ is selected!
[2815.0ps]selecting atoms...
DONE!
crdZ is selected!
[2820.0ps]selecting atoms...
DONE!
crdZ is selected!
[2825.0ps]selecting atoms...
DONE!
crdZ is selected!
[2830.0ps]selecting atoms...
DONE!
crdZ is selected!
[2835.0ps]selecting atoms...
DONE!
crdZ is selected!
[2840.0ps]selecting atoms...
DONE!
crdZ is selected!
[2845.0ps]selecting atoms...
DONE!
crdZ is selected!
[2850.0ps]selecting atoms...
DONE!
crdZ is selected!
[2855.0ps]selecting atoms...
DONE!
crdZ is selected!
[2860.0ps]selecting atoms...
DONE!
crdZ is selected!
[2865.0ps]selecting atoms...
DONE!
crdZ is selected!
[2870.0ps]selecting atoms...
DONE!
crdZ is selected!
[2875.0ps]selecting atoms...
DONE!
crdZ is selected!
[2880.0ps]selecting atoms...
DONE!
crdZ is selected!
[2885.0ps]selecting atoms...
DONE!
crdZ is selected!
[2890.0ps]selecting atoms...
DONE!
crdZ is selected!
[2895.0ps]selecting atoms...
DONE!
crdZ is selected!
[2900.0ps]selecting atoms...
DONE!
crdZ is selected!
[2905.0ps]selecting atoms...
DONE!
crdZ is selected!
[2910.0ps]selecting atoms...
DONE!
crdZ is selected!
[2915.0ps]selecting atoms...
DONE!
crdZ is selected!
[2920.0ps]selecting atoms...
DONE!
crdZ is selected!
[2925.0ps]selecting atoms...
DONE!
crdZ is selected!
[2930.0ps]selecting atoms...
DONE!
crdZ is selected!
[2935.0ps]selecting atoms...
DONE!
crdZ is selected!
[2940.0ps]selecting atoms...
DONE!
crdZ is selected!
[2945.0ps]selecting atoms...
DONE!
crdZ is selected!
[2950.0ps]selecting atoms...
DONE!
crdZ is selected!
[2955.0ps]selecting atoms...
DONE!
crdZ is selected!
[2960.0ps]selecting atoms...
DONE!
crdZ is selected!
[2965.0ps]selecting atoms...
DONE!
crdZ is selected!
[2970.0ps]selecting atoms...
DONE!
crdZ is selected!
[2975.0ps]selecting atoms...
DONE!
crdZ is selected!
[2980.0ps]selecting atoms...
DONE!
crdZ is selected!
[2985.0ps]selecting atoms...
DONE!
crdZ is selected!
[2990.0ps]selecting atoms...
DONE!
crdZ is selected!
[2995.0ps]selecting atoms...
DONE!
crdZ is selected!
Reading PSF: /home2/jcjeong/project/charmm/dol_dopc_1/step5_assembly.xplor_ext.psf
Reading DCD: /home2/jcjeong/project/charmm/dol_dopc_1/step7_12.dcd
12 is done!
[3000.0ps]selecting atoms...
DONE!
crdZ is selected!
[3005.0ps]selecting atoms...
DONE!
crdZ is selected!
[3010.0ps]selecting atoms...
DONE!
crdZ is selected!
[3015.0ps]selecting atoms...
DONE!
crdZ is selected!
[3020.0ps]selecting atoms...
DONE!
crdZ is selected!
[3025.0ps]selecting atoms...
DONE!
crdZ is selected!
[3030.0ps]selecting atoms...
DONE!
crdZ is selected!
[3035.0ps]selecting atoms...
DONE!
crdZ is selected!
[3040.0ps]selecting atoms...
DONE!
crdZ is selected!
[3045.0ps]selecting atoms...
DONE!
crdZ is selected!
[3050.0ps]selecting atoms...
DONE!
crdZ is selected!
[3055.0ps]selecting atoms...
DONE!
crdZ is selected!
[3060.0ps]selecting atoms...
DONE!
crdZ is selected!
[3065.0ps]selecting atoms...
DONE!
crdZ is selected!
[3070.0ps]selecting atoms...
DONE!
crdZ is selected!
[3075.0ps]selecting atoms...
DONE!
crdZ is selected!
[3080.0ps]selecting atoms...
DONE!
crdZ is selected!
[3085.0ps]selecting atoms...
DONE!
crdZ is selected!
[3090.0ps]selecting atoms...
DONE!
crdZ is selected!
[3095.0ps]selecting atoms...
DONE!
crdZ is selected!
[3100.0ps]selecting atoms...
DONE!
crdZ is selected!
[3105.0ps]selecting atoms...
DONE!
crdZ is selected!
[3110.0ps]selecting atoms...
DONE!
crdZ is selected!
[3115.0ps]selecting atoms...
DONE!
crdZ is selected!
[3120.0ps]selecting atoms...
DONE!
crdZ is selected!
[3125.0ps]selecting atoms...
DONE!
crdZ is selected!
[3130.0ps]selecting atoms...
DONE!
crdZ is selected!
[3135.0ps]selecting atoms...
DONE!
crdZ is selected!
[3140.0ps]selecting atoms...
DONE!
crdZ is selected!
[3145.0ps]selecting atoms...
DONE!
crdZ is selected!
[3150.0ps]selecting atoms...
DONE!
crdZ is selected!
[3155.0ps]selecting atoms...
DONE!
crdZ is selected!
[3160.0ps]selecting atoms...
DONE!
crdZ is selected!
[3165.0ps]selecting atoms...
DONE!
crdZ is selected!
[3170.0ps]selecting atoms...
DONE!
crdZ is selected!
[3175.0ps]selecting atoms...
DONE!
crdZ is selected!
[3180.0ps]selecting atoms...
DONE!
crdZ is selected!
[3185.0ps]selecting atoms...
DONE!
crdZ is selected!
[3190.0ps]selecting atoms...
DONE!
crdZ is selected!
[3195.0ps]selecting atoms...
DONE!
crdZ is selected!
[3200.0ps]selecting atoms...
DONE!
crdZ is selected!
[3205.0ps]selecting atoms...
DONE!
crdZ is selected!
[3210.0ps]selecting atoms...
DONE!
crdZ is selected!
[3215.0ps]selecting atoms...
DONE!
crdZ is selected!
[3220.0ps]selecting atoms...
DONE!
crdZ is selected!
[3225.0ps]selecting atoms...
DONE!
crdZ is selected!
[3230.0ps]selecting atoms...
DONE!
crdZ is selected!
[3235.0ps]selecting atoms...
DONE!
crdZ is selected!
[3240.0ps]selecting atoms...
DONE!
crdZ is selected!
[3245.0ps]selecting atoms...
DONE!
crdZ is selected!
Reading PSF: /home2/jcjeong/project/charmm/dol_dopc_1/step5_assembly.xplor_ext.psf
Reading DCD: /home2/jcjeong/project/charmm/dol_dopc_1/step7_13.dcd
13 is done!
[3250.0ps]selecting atoms...
DONE!
crdZ is selected!
[3255.0ps]selecting atoms...
DONE!
crdZ is selected!
[3260.0ps]selecting atoms...
DONE!
crdZ is selected!
[3265.0ps]selecting atoms...
DONE!
crdZ is selected!
[3270.0ps]selecting atoms...
DONE!
crdZ is selected!
[3275.0ps]selecting atoms...
DONE!
crdZ is selected!
[3280.0ps]selecting atoms...
DONE!
crdZ is selected!
[3285.0ps]selecting atoms...
DONE!
crdZ is selected!
[3290.0ps]selecting atoms...
DONE!
crdZ is selected!
[3295.0ps]selecting atoms...
DONE!
crdZ is selected!
[3300.0ps]selecting atoms...
DONE!
crdZ is selected!
[3305.0ps]selecting atoms...
DONE!
crdZ is selected!
[3310.0ps]selecting atoms...
DONE!
crdZ is selected!
[3315.0ps]selecting atoms...
DONE!
crdZ is selected!
[3320.0ps]selecting atoms...
DONE!
crdZ is selected!
[3325.0ps]selecting atoms...
DONE!
crdZ is selected!
[3330.0ps]selecting atoms...
DONE!
crdZ is selected!
[3335.0ps]selecting atoms...
DONE!
crdZ is selected!
[3340.0ps]selecting atoms...
DONE!
crdZ is selected!
[3345.0ps]selecting atoms...
DONE!
crdZ is selected!
[3350.0ps]selecting atoms...
DONE!
crdZ is selected!
[3355.0ps]selecting atoms...
DONE!
crdZ is selected!
[3360.0ps]selecting atoms...
DONE!
crdZ is selected!
[3365.0ps]selecting atoms...
DONE!
crdZ is selected!
[3370.0ps]selecting atoms...
DONE!
crdZ is selected!
[3375.0ps]selecting atoms...
DONE!
crdZ is selected!
[3380.0ps]selecting atoms...
DONE!
crdZ is selected!
[3385.0ps]selecting atoms...
DONE!
crdZ is selected!
[3390.0ps]selecting atoms...
DONE!
crdZ is selected!
[3395.0ps]selecting atoms...
DONE!
crdZ is selected!
[3400.0ps]selecting atoms...
DONE!
crdZ is selected!
[3405.0ps]selecting atoms...
DONE!
crdZ is selected!
[3410.0ps]selecting atoms...
DONE!
crdZ is selected!
[3415.0ps]selecting atoms...
DONE!
crdZ is selected!
[3420.0ps]selecting atoms...
DONE!
crdZ is selected!
[3425.0ps]selecting atoms...
DONE!
crdZ is selected!
[3430.0ps]selecting atoms...
DONE!
crdZ is selected!
[3435.0ps]selecting atoms...
DONE!
crdZ is selected!
[3440.0ps]selecting atoms...
DONE!
crdZ is selected!
[3445.0ps]selecting atoms...
DONE!
crdZ is selected!
[3450.0ps]selecting atoms...
DONE!
crdZ is selected!
[3455.0ps]selecting atoms...
DONE!
crdZ is selected!
[3460.0ps]selecting atoms...
DONE!
crdZ is selected!
[3465.0ps]selecting atoms...
DONE!
crdZ is selected!
[3470.0ps]selecting atoms...
DONE!
crdZ is selected!
[3475.0ps]selecting atoms...
DONE!
crdZ is selected!
[3480.0ps]selecting atoms...
DONE!
crdZ is selected!
[3485.0ps]selecting atoms...
DONE!
crdZ is selected!
[3490.0ps]selecting atoms...
DONE!
crdZ is selected!
[3495.0ps]selecting atoms...
DONE!
crdZ is selected!
Reading PSF: /home2/jcjeong/project/charmm/dol_dopc_1/step5_assembly.xplor_ext.psf
Reading DCD: /home2/jcjeong/project/charmm/dol_dopc_1/step7_14.dcd
14 is done!
[3500.0ps]selecting atoms...
DONE!
crdZ is selected!
[3505.0ps]selecting atoms...
DONE!
crdZ is selected!
[3510.0ps]selecting atoms...
DONE!
crdZ is selected!
[3515.0ps]selecting atoms...
DONE!
crdZ is selected!
[3520.0ps]selecting atoms...
DONE!
crdZ is selected!
[3525.0ps]selecting atoms...
DONE!
crdZ is selected!
[3530.0ps]selecting atoms...
DONE!
crdZ is selected!
[3535.0ps]selecting atoms...
DONE!
crdZ is selected!
[3540.0ps]selecting atoms...
DONE!
crdZ is selected!
[3545.0ps]selecting atoms...
DONE!
crdZ is selected!
[3550.0ps]selecting atoms...
DONE!
crdZ is selected!
[3555.0ps]selecting atoms...
DONE!
crdZ is selected!
[3560.0ps]selecting atoms...
DONE!
crdZ is selected!
[3565.0ps]selecting atoms...
DONE!
crdZ is selected!
[3570.0ps]selecting atoms...
DONE!
crdZ is selected!
[3575.0ps]selecting atoms...
DONE!
crdZ is selected!
[3580.0ps]selecting atoms...
DONE!
crdZ is selected!
[3585.0ps]selecting atoms...
DONE!
crdZ is selected!
[3590.0ps]selecting atoms...
DONE!
crdZ is selected!
[3595.0ps]selecting atoms...
DONE!
crdZ is selected!
[3600.0ps]selecting atoms...
DONE!
crdZ is selected!
[3605.0ps]selecting atoms...
DONE!
crdZ is selected!
[3610.0ps]selecting atoms...
DONE!
crdZ is selected!
[3615.0ps]selecting atoms...
DONE!
crdZ is selected!
[3620.0ps]selecting atoms...
DONE!
crdZ is selected!
[3625.0ps]selecting atoms...
DONE!
crdZ is selected!
[3630.0ps]selecting atoms...
DONE!
crdZ is selected!
[3635.0ps]selecting atoms...
DONE!
crdZ is selected!
[3640.0ps]selecting atoms...
DONE!
crdZ is selected!
[3645.0ps]selecting atoms...
DONE!
crdZ is selected!
[3650.0ps]selecting atoms...
DONE!
crdZ is selected!
[3655.0ps]selecting atoms...
DONE!
crdZ is selected!
[3660.0ps]selecting atoms...
DONE!
crdZ is selected!
[3665.0ps]selecting atoms...
DONE!
crdZ is selected!
[3670.0ps]selecting atoms...
DONE!
crdZ is selected!
[3675.0ps]selecting atoms...
DONE!
crdZ is selected!
[3680.0ps]selecting atoms...
DONE!
crdZ is selected!
[3685.0ps]selecting atoms...
DONE!
crdZ is selected!
[3690.0ps]selecting atoms...
DONE!
crdZ is selected!
[3695.0ps]selecting atoms...
DONE!
crdZ is selected!
[3700.0ps]selecting atoms...
DONE!
crdZ is selected!
[3705.0ps]selecting atoms...
DONE!
crdZ is selected!
[3710.0ps]selecting atoms...
DONE!
crdZ is selected!
[3715.0ps]selecting atoms...
DONE!
crdZ is selected!
[3720.0ps]selecting atoms...
DONE!
crdZ is selected!
[3725.0ps]selecting atoms...
DONE!
crdZ is selected!
[3730.0ps]selecting atoms...
DONE!
crdZ is selected!
[3735.0ps]selecting atoms...
DONE!
crdZ is selected!
[3740.0ps]selecting atoms...
DONE!
crdZ is selected!
[3745.0ps]selecting atoms...
DONE!
crdZ is selected!
Reading PSF: /home2/jcjeong/project/charmm/dol_dopc_1/step5_assembly.xplor_ext.psf
Reading DCD: /home2/jcjeong/project/charmm/dol_dopc_1/step7_15.dcd
15 is done!
[3750.0ps]selecting atoms...
DONE!
crdZ is selected!
[3755.0ps]selecting atoms...
DONE!
crdZ is selected!
[3760.0ps]selecting atoms...
DONE!
crdZ is selected!
[3765.0ps]selecting atoms...
DONE!
crdZ is selected!
[3770.0ps]selecting atoms...
DONE!
crdZ is selected!
[3775.0ps]selecting atoms...
DONE!
crdZ is selected!
[3780.0ps]selecting atoms...
DONE!
crdZ is selected!
[3785.0ps]selecting atoms...
DONE!
crdZ is selected!
[3790.0ps]selecting atoms...
DONE!
crdZ is selected!
[3795.0ps]selecting atoms...
DONE!
crdZ is selected!
[3800.0ps]selecting atoms...
DONE!
crdZ is selected!
[3805.0ps]selecting atoms...
DONE!
crdZ is selected!
[3810.0ps]selecting atoms...
DONE!
crdZ is selected!
[3815.0ps]selecting atoms...
DONE!
crdZ is selected!
[3820.0ps]selecting atoms...
DONE!
crdZ is selected!
[3825.0ps]selecting atoms...
DONE!
crdZ is selected!
[3830.0ps]selecting atoms...
DONE!
crdZ is selected!
[3835.0ps]selecting atoms...
DONE!
crdZ is selected!
[3840.0ps]selecting atoms...
DONE!
crdZ is selected!
[3845.0ps]selecting atoms...
DONE!
crdZ is selected!
[3850.0ps]selecting atoms...
DONE!
crdZ is selected!
[3855.0ps]selecting atoms...
DONE!
crdZ is selected!
[3860.0ps]selecting atoms...
DONE!
crdZ is selected!
[3865.0ps]selecting atoms...
DONE!
crdZ is selected!
[3870.0ps]selecting atoms...
DONE!
crdZ is selected!
[3875.0ps]selecting atoms...
DONE!
crdZ is selected!
[3880.0ps]selecting atoms...
DONE!
crdZ is selected!
[3885.0ps]selecting atoms...
DONE!
crdZ is selected!
[3890.0ps]selecting atoms...
DONE!
crdZ is selected!
[3895.0ps]selecting atoms...
DONE!
crdZ is selected!
[3900.0ps]selecting atoms...
DONE!
crdZ is selected!
[3905.0ps]selecting atoms...
DONE!
crdZ is selected!
[3910.0ps]selecting atoms...
DONE!
crdZ is selected!
[3915.0ps]selecting atoms...
DONE!
crdZ is selected!
[3920.0ps]selecting atoms...
DONE!
crdZ is selected!
[3925.0ps]selecting atoms...
DONE!
crdZ is selected!
[3930.0ps]selecting atoms...
DONE!
crdZ is selected!
[3935.0ps]selecting atoms...
DONE!
crdZ is selected!
[3940.0ps]selecting atoms...
DONE!
crdZ is selected!
[3945.0ps]selecting atoms...
DONE!
crdZ is selected!
[3950.0ps]selecting atoms...
DONE!
crdZ is selected!
[3955.0ps]selecting atoms...
DONE!
crdZ is selected!
[3960.0ps]selecting atoms...
DONE!
crdZ is selected!
[3965.0ps]selecting atoms...
DONE!
crdZ is selected!
[3970.0ps]selecting atoms...
DONE!
crdZ is selected!
[3975.0ps]selecting atoms...
DONE!
crdZ is selected!
[3980.0ps]selecting atoms...
DONE!
crdZ is selected!
[3985.0ps]selecting atoms...
DONE!
crdZ is selected!
[3990.0ps]selecting atoms...
DONE!
crdZ is selected!
[3995.0ps]selecting atoms...
DONE!
crdZ is selected!
Reading PSF: /home2/jcjeong/project/charmm/dol_dopc_1/step5_assembly.xplor_ext.psf
Reading DCD: /home2/jcjeong/project/charmm/dol_dopc_1/step7_16.dcd
16 is done!
[4000.0ps]selecting atoms...
DONE!
crdZ is selected!
[4005.0ps]selecting atoms...
DONE!
crdZ is selected!
[4010.0ps]selecting atoms...
DONE!
crdZ is selected!
[4015.0ps]selecting atoms...
DONE!
crdZ is selected!
[4020.0ps]selecting atoms...
DONE!
crdZ is selected!
[4025.0ps]selecting atoms...
DONE!
crdZ is selected!
[4030.0ps]selecting atoms...
DONE!
crdZ is selected!
[4035.0ps]selecting atoms...
DONE!
crdZ is selected!
[4040.0ps]selecting atoms...
DONE!
crdZ is selected!
[4045.0ps]selecting atoms...
DONE!
crdZ is selected!
[4050.0ps]selecting atoms...
DONE!
crdZ is selected!
[4055.0ps]selecting atoms...
DONE!
crdZ is selected!
[4060.0ps]selecting atoms...
DONE!
crdZ is selected!
[4065.0ps]selecting atoms...
DONE!
crdZ is selected!
[4070.0ps]selecting atoms...
DONE!
crdZ is selected!
[4075.0ps]selecting atoms...
DONE!
crdZ is selected!
[4080.0ps]selecting atoms...
DONE!
crdZ is selected!
[4085.0ps]selecting atoms...
DONE!
crdZ is selected!
[4090.0ps]selecting atoms...
DONE!
crdZ is selected!
[4095.0ps]selecting atoms...
DONE!
crdZ is selected!
[4100.0ps]selecting atoms...
DONE!
crdZ is selected!
[4105.0ps]selecting atoms...
DONE!
crdZ is selected!
[4110.0ps]selecting atoms...
DONE!
crdZ is selected!
[4115.0ps]selecting atoms...
DONE!
crdZ is selected!
[4120.0ps]selecting atoms...
DONE!
crdZ is selected!
[4125.0ps]selecting atoms...
DONE!
crdZ is selected!
[4130.0ps]selecting atoms...
DONE!
crdZ is selected!
[4135.0ps]selecting atoms...
DONE!
crdZ is selected!
[4140.0ps]selecting atoms...
DONE!
crdZ is selected!
[4145.0ps]selecting atoms...
DONE!
crdZ is selected!
[4150.0ps]selecting atoms...
DONE!
crdZ is selected!
[4155.0ps]selecting atoms...
DONE!
crdZ is selected!
[4160.0ps]selecting atoms...
DONE!
crdZ is selected!
[4165.0ps]selecting atoms...
DONE!
crdZ is selected!
[4170.0ps]selecting atoms...
DONE!
crdZ is selected!
[4175.0ps]selecting atoms...
DONE!
crdZ is selected!
[4180.0ps]selecting atoms...
DONE!
crdZ is selected!
[4185.0ps]selecting atoms...
DONE!
crdZ is selected!
[4190.0ps]selecting atoms...
DONE!
crdZ is selected!
[4195.0ps]selecting atoms...
DONE!
crdZ is selected!
[4200.0ps]selecting atoms...
DONE!
crdZ is selected!
[4205.0ps]selecting atoms...
DONE!
crdZ is selected!
[4210.0ps]selecting atoms...
DONE!
crdZ is selected!
[4215.0ps]selecting atoms...
DONE!
crdZ is selected!
[4220.0ps]selecting atoms...
DONE!
crdZ is selected!
[4225.0ps]selecting atoms...
DONE!
crdZ is selected!
[4230.0ps]selecting atoms...
DONE!
crdZ is selected!
[4235.0ps]selecting atoms...
DONE!
crdZ is selected!
[4240.0ps]selecting atoms...
DONE!
crdZ is selected!
[4245.0ps]selecting atoms...
DONE!
crdZ is selected!
Reading PSF: /home2/jcjeong/project/charmm/dol_dopc_1/step5_assembly.xplor_ext.psf
Reading DCD: /home2/jcjeong/project/charmm/dol_dopc_1/step7_17.dcd
17 is done!
[4250.0ps]selecting atoms...
DONE!
crdZ is selected!
[4255.0ps]selecting atoms...
DONE!
crdZ is selected!
[4260.0ps]selecting atoms...
DONE!
crdZ is selected!
[4265.0ps]selecting atoms...
DONE!
crdZ is selected!
[4270.0ps]selecting atoms...
DONE!
crdZ is selected!
[4275.0ps]selecting atoms...
DONE!
crdZ is selected!
[4280.0ps]selecting atoms...
DONE!
crdZ is selected!
[4285.0ps]selecting atoms...
DONE!
crdZ is selected!
[4290.0ps]selecting atoms...
DONE!
crdZ is selected!
[4295.0ps]selecting atoms...
DONE!
crdZ is selected!
[4300.0ps]selecting atoms...
DONE!
crdZ is selected!
[4305.0ps]selecting atoms...
DONE!
crdZ is selected!
[4310.0ps]selecting atoms...
DONE!
crdZ is selected!
[4315.0ps]selecting atoms...
DONE!
crdZ is selected!
[4320.0ps]selecting atoms...
DONE!
crdZ is selected!
[4325.0ps]selecting atoms...
DONE!
crdZ is selected!
[4330.0ps]selecting atoms...
DONE!
crdZ is selected!
[4335.0ps]selecting atoms...
DONE!
crdZ is selected!
[4340.0ps]selecting atoms...
DONE!
crdZ is selected!
[4345.0ps]selecting atoms...
DONE!
crdZ is selected!
[4350.0ps]selecting atoms...
DONE!
crdZ is selected!
[4355.0ps]selecting atoms...
DONE!
crdZ is selected!
[4360.0ps]selecting atoms...
DONE!
crdZ is selected!
[4365.0ps]selecting atoms...
DONE!
crdZ is selected!
[4370.0ps]selecting atoms...
DONE!
crdZ is selected!
[4375.0ps]selecting atoms...
DONE!
crdZ is selected!
[4380.0ps]selecting atoms...
DONE!
crdZ is selected!
[4385.0ps]selecting atoms...
DONE!
crdZ is selected!
[4390.0ps]selecting atoms...
DONE!
crdZ is selected!
[4395.0ps]selecting atoms...
DONE!
crdZ is selected!
[4400.0ps]selecting atoms...
DONE!
crdZ is selected!
[4405.0ps]selecting atoms...
DONE!
crdZ is selected!
[4410.0ps]selecting atoms...
DONE!
crdZ is selected!
[4415.0ps]selecting atoms...
DONE!
crdZ is selected!
[4420.0ps]selecting atoms...
DONE!
crdZ is selected!
[4425.0ps]selecting atoms...
DONE!
crdZ is selected!
[4430.0ps]selecting atoms...
DONE!
crdZ is selected!
[4435.0ps]selecting atoms...
DONE!
crdZ is selected!
[4440.0ps]selecting atoms...
DONE!
crdZ is selected!
[4445.0ps]selecting atoms...
DONE!
crdZ is selected!
[4450.0ps]selecting atoms...
DONE!
crdZ is selected!
[4455.0ps]selecting atoms...
DONE!
crdZ is selected!
[4460.0ps]selecting atoms...
DONE!
crdZ is selected!
[4465.0ps]selecting atoms...
DONE!
crdZ is selected!
[4470.0ps]selecting atoms...
DONE!
crdZ is selected!
[4475.0ps]selecting atoms...
DONE!
crdZ is selected!
[4480.0ps]selecting atoms...
DONE!
crdZ is selected!
[4485.0ps]selecting atoms...
DONE!
crdZ is selected!
[4490.0ps]selecting atoms...
DONE!
crdZ is selected!
[4495.0ps]selecting atoms...
DONE!
crdZ is selected!
Reading PSF: /home2/jcjeong/project/charmm/dol_dopc_1/step5_assembly.xplor_ext.psf
Reading DCD: /home2/jcjeong/project/charmm/dol_dopc_1/step7_18.dcd
18 is done!
[4500.0ps]selecting atoms...
DONE!
crdZ is selected!
[4505.0ps]selecting atoms...
DONE!
crdZ is selected!
[4510.0ps]selecting atoms...
DONE!
crdZ is selected!
[4515.0ps]selecting atoms...
DONE!
crdZ is selected!
[4520.0ps]selecting atoms...
DONE!
crdZ is selected!
[4525.0ps]selecting atoms...
DONE!
crdZ is selected!
[4530.0ps]selecting atoms...
DONE!
crdZ is selected!
[4535.0ps]selecting atoms...
DONE!
crdZ is selected!
[4540.0ps]selecting atoms...
DONE!
crdZ is selected!
[4545.0ps]selecting atoms...
DONE!
crdZ is selected!
[4550.0ps]selecting atoms...
DONE!
crdZ is selected!
[4555.0ps]selecting atoms...
DONE!
crdZ is selected!
[4560.0ps]selecting atoms...
DONE!
crdZ is selected!
[4565.0ps]selecting atoms...
DONE!
crdZ is selected!
[4570.0ps]selecting atoms...
DONE!
crdZ is selected!
[4575.0ps]selecting atoms...
DONE!
crdZ is selected!
[4580.0ps]selecting atoms...
DONE!
crdZ is selected!
[4585.0ps]selecting atoms...
DONE!
crdZ is selected!
[4590.0ps]selecting atoms...
DONE!
crdZ is selected!
[4595.0ps]selecting atoms...
DONE!
crdZ is selected!
[4600.0ps]selecting atoms...
DONE!
crdZ is selected!
[4605.0ps]selecting atoms...
DONE!
crdZ is selected!
[4610.0ps]selecting atoms...
DONE!
crdZ is selected!
[4615.0ps]selecting atoms...
DONE!
crdZ is selected!
[4620.0ps]selecting atoms...
DONE!
crdZ is selected!
[4625.0ps]selecting atoms...
DONE!
crdZ is selected!
[4630.0ps]selecting atoms...
DONE!
crdZ is selected!
[4635.0ps]selecting atoms...
DONE!
crdZ is selected!
[4640.0ps]selecting atoms...
DONE!
crdZ is selected!
[4645.0ps]selecting atoms...
DONE!
crdZ is selected!
[4650.0ps]selecting atoms...
DONE!
crdZ is selected!
[4655.0ps]selecting atoms...
DONE!
crdZ is selected!
[4660.0ps]selecting atoms...
DONE!
crdZ is selected!
[4665.0ps]selecting atoms...
DONE!
crdZ is selected!
[4670.0ps]selecting atoms...
DONE!
crdZ is selected!
[4675.0ps]selecting atoms...
DONE!
crdZ is selected!
[4680.0ps]selecting atoms...
DONE!
crdZ is selected!
[4685.0ps]selecting atoms...
DONE!
crdZ is selected!
[4690.0ps]selecting atoms...
DONE!
crdZ is selected!
[4695.0ps]selecting atoms...
DONE!
crdZ is selected!
[4700.0ps]selecting atoms...
DONE!
crdZ is selected!
[4705.0ps]selecting atoms...
DONE!
crdZ is selected!
[4710.0ps]selecting atoms...
DONE!
crdZ is selected!
[4715.0ps]selecting atoms...
DONE!
crdZ is selected!
[4720.0ps]selecting atoms...
DONE!
crdZ is selected!
[4725.0ps]selecting atoms...
DONE!
crdZ is selected!
[4730.0ps]selecting atoms...
DONE!
crdZ is selected!
[4735.0ps]selecting atoms...
DONE!
crdZ is selected!
[4740.0ps]selecting atoms...
DONE!
crdZ is selected!
[4745.0ps]selecting atoms...
DONE!
crdZ is selected!
Reading PSF: /home2/jcjeong/project/charmm/dol_dopc_1/step5_assembly.xplor_ext.psf
Reading DCD: /home2/jcjeong/project/charmm/dol_dopc_1/step7_19.dcd
19 is done!
[4750.0ps]selecting atoms...
DONE!
crdZ is selected!
[4755.0ps]selecting atoms...
DONE!
crdZ is selected!
[4760.0ps]selecting atoms...
DONE!
crdZ is selected!
[4765.0ps]selecting atoms...
DONE!
crdZ is selected!
[4770.0ps]selecting atoms...
DONE!
crdZ is selected!
[4775.0ps]selecting atoms...
DONE!
crdZ is selected!
[4780.0ps]selecting atoms...
DONE!
crdZ is selected!
[4785.0ps]selecting atoms...
DONE!
crdZ is selected!
[4790.0ps]selecting atoms...
DONE!
crdZ is selected!
[4795.0ps]selecting atoms...
DONE!
crdZ is selected!
[4800.0ps]selecting atoms...
DONE!
crdZ is selected!
[4805.0ps]selecting atoms...
DONE!
crdZ is selected!
[4810.0ps]selecting atoms...
DONE!
crdZ is selected!
[4815.0ps]selecting atoms...
DONE!
crdZ is selected!
[4820.0ps]selecting atoms...
DONE!
crdZ is selected!
[4825.0ps]selecting atoms...
DONE!
crdZ is selected!
[4830.0ps]selecting atoms...
DONE!
crdZ is selected!
[4835.0ps]selecting atoms...
DONE!
crdZ is selected!
[4840.0ps]selecting atoms...
DONE!
crdZ is selected!
[4845.0ps]selecting atoms...
DONE!
crdZ is selected!
[4850.0ps]selecting atoms...
DONE!
crdZ is selected!
[4855.0ps]selecting atoms...
DONE!
crdZ is selected!
[4860.0ps]selecting atoms...
DONE!
crdZ is selected!
[4865.0ps]selecting atoms...
DONE!
crdZ is selected!
[4870.0ps]selecting atoms...
DONE!
crdZ is selected!
[4875.0ps]selecting atoms...
DONE!
crdZ is selected!
[4880.0ps]selecting atoms...
DONE!
crdZ is selected!
[4885.0ps]selecting atoms...
DONE!
crdZ is selected!
[4890.0ps]selecting atoms...
DONE!
crdZ is selected!
[4895.0ps]selecting atoms...
DONE!
crdZ is selected!
[4900.0ps]selecting atoms...
DONE!
crdZ is selected!
[4905.0ps]selecting atoms...
DONE!
crdZ is selected!
[4910.0ps]selecting atoms...
DONE!
crdZ is selected!
[4915.0ps]selecting atoms...
DONE!
crdZ is selected!
[4920.0ps]selecting atoms...
DONE!
crdZ is selected!
[4925.0ps]selecting atoms...
DONE!
crdZ is selected!
[4930.0ps]selecting atoms...
DONE!
crdZ is selected!
[4935.0ps]selecting atoms...
DONE!
crdZ is selected!
[4940.0ps]selecting atoms...
DONE!
crdZ is selected!
[4945.0ps]selecting atoms...
DONE!
crdZ is selected!
[4950.0ps]selecting atoms...
DONE!
crdZ is selected!
[4955.0ps]selecting atoms...
DONE!
crdZ is selected!
[4960.0ps]selecting atoms...
DONE!
crdZ is selected!
[4965.0ps]selecting atoms...
DONE!
crdZ is selected!
[4970.0ps]selecting atoms...
DONE!
crdZ is selected!
[4975.0ps]selecting atoms...
DONE!
crdZ is selected!
[4980.0ps]selecting atoms...
DONE!
crdZ is selected!
[4985.0ps]selecting atoms...
DONE!
crdZ is selected!
[4990.0ps]selecting atoms...
DONE!
crdZ is selected!
[4995.0ps]selecting atoms...
DONE!
crdZ is selected!
Reading PSF: /home2/jcjeong/project/charmm/dol_dopc_1/step5_assembly.xplor_ext.psf
Reading DCD: /home2/jcjeong/project/charmm/dol_dopc_1/step7_20.dcd
20 is done!
[5000.0ps]selecting atoms...
DONE!
crdZ is selected!
[5005.0ps]selecting atoms...
DONE!
crdZ is selected!
[5010.0ps]selecting atoms...
DONE!
crdZ is selected!
[5015.0ps]selecting atoms...
DONE!
crdZ is selected!
[5020.0ps]selecting atoms...
DONE!
crdZ is selected!
[5025.0ps]selecting atoms...
DONE!
crdZ is selected!
[5030.0ps]selecting atoms...
DONE!
crdZ is selected!
[5035.0ps]selecting atoms...
DONE!
crdZ is selected!
[5040.0ps]selecting atoms...
DONE!
crdZ is selected!
[5045.0ps]selecting atoms...
DONE!
crdZ is selected!
[5050.0ps]selecting atoms...
DONE!
crdZ is selected!
[5055.0ps]selecting atoms...
DONE!
crdZ is selected!
[5060.0ps]selecting atoms...
DONE!
crdZ is selected!
[5065.0ps]selecting atoms...
DONE!
crdZ is selected!
[5070.0ps]selecting atoms...
DONE!
crdZ is selected!
[5075.0ps]selecting atoms...
DONE!
crdZ is selected!
[5080.0ps]selecting atoms...
DONE!
crdZ is selected!
[5085.0ps]selecting atoms...
DONE!
crdZ is selected!
[5090.0ps]selecting atoms...
DONE!
crdZ is selected!
[5095.0ps]selecting atoms...
DONE!
crdZ is selected!
[5100.0ps]selecting atoms...
DONE!
crdZ is selected!
[5105.0ps]selecting atoms...
DONE!
crdZ is selected!
[5110.0ps]selecting atoms...
DONE!
crdZ is selected!
[5115.0ps]selecting atoms...
DONE!
crdZ is selected!
[5120.0ps]selecting atoms...
DONE!
crdZ is selected!
[5125.0ps]selecting atoms...
DONE!
crdZ is selected!
[5130.0ps]selecting atoms...
DONE!
crdZ is selected!
[5135.0ps]selecting atoms...
DONE!
crdZ is selected!
[5140.0ps]selecting atoms...
DONE!
crdZ is selected!
[5145.0ps]selecting atoms...
DONE!
crdZ is selected!
[5150.0ps]selecting atoms...
DONE!
crdZ is selected!
[5155.0ps]selecting atoms...
DONE!
crdZ is selected!
[5160.0ps]selecting atoms...
DONE!
crdZ is selected!
[5165.0ps]selecting atoms...
DONE!
crdZ is selected!
[5170.0ps]selecting atoms...
DONE!
crdZ is selected!
[5175.0ps]selecting atoms...
DONE!
crdZ is selected!
[5180.0ps]selecting atoms...
DONE!
crdZ is selected!
[5185.0ps]selecting atoms...
DONE!
crdZ is selected!
[5190.0ps]selecting atoms...
DONE!
crdZ is selected!
[5195.0ps]selecting atoms...
DONE!
crdZ is selected!
[5200.0ps]selecting atoms...
DONE!
crdZ is selected!
[5205.0ps]selecting atoms...
DONE!
crdZ is selected!
[5210.0ps]selecting atoms...
DONE!
crdZ is selected!
[5215.0ps]selecting atoms...
DONE!
crdZ is selected!
[5220.0ps]selecting atoms...
DONE!
crdZ is selected!
[5225.0ps]selecting atoms...
DONE!
crdZ is selected!
[5230.0ps]selecting atoms...
DONE!
crdZ is selected!
[5235.0ps]selecting atoms...
DONE!
crdZ is selected!
[5240.0ps]selecting atoms...
DONE!
crdZ is selected!
[5245.0ps]selecting atoms...
DONE!
crdZ is selected!
Reading PSF: /home2/jcjeong/project/charmm/dol_dopc_1/step5_assembly.xplor_ext.psf
Reading DCD: /home2/jcjeong/project/charmm/dol_dopc_1/step7_21.dcd
21 is done!
[5250.0ps]selecting atoms...
DONE!
crdZ is selected!
