### execution file: density.py ###
	- input file: /home2/jcjeong/project/stanalyzer0/stanalyzer/media/jcjeong/20130328125800795350rjEObX/para
AXIS = ALL, <type 'unicode'>
MIN = -21.0, <type 'float'>
MAX = 46.0, <type 'float'>
BIN = 1.0, <type 'float'>
QUERY = segid LLO  and ( name P1  or name O1* or name P2 or name O2* ), <type 'unicode'>
Total # atoms = 527, <type 'int'>
Reading PSF: /home2/jcjeong/project/charmm/dol_dopc_1/step5_assembly.xplor_ext.psf
Reading DCD: /home2/jcjeong/project/charmm/dol_dopc_1/step7_0.dcd
0 is done!
[0.0ps]selecting atoms...
DONE!
crdZ is selected!
[5.0ps]selecting atoms...
DONE!
crdZ is selected!
[10.0ps]selecting atoms...
DONE!
crdZ is selected!
[15.0ps]selecting atoms...
DONE!
crdZ is selected!
[20.0ps]selecting atoms...
DONE!
crdZ is selected!
[25.0ps]selecting atoms...
DONE!
crdZ is selected!
[30.0ps]selecting atoms...
DONE!
crdZ is selected!
[35.0ps]selecting atoms...
DONE!
crdZ is selected!
[40.0ps]selecting atoms...
DONE!
crdZ is selected!
[45.0ps]selecting atoms...
DONE!
crdZ is selected!
[50.0ps]selecting atoms...
DONE!
crdZ is selected!
[55.0ps]selecting atoms...
DONE!
crdZ is selected!
[60.0ps]selecting atoms...
DONE!
crdZ is selected!
[65.0ps]selecting atoms...
DONE!
crdZ is selected!
[70.0ps]selecting atoms...
DONE!
crdZ is selected!
[75.0ps]selecting atoms...
DONE!
crdZ is selected!
[80.0ps]selecting atoms...
DONE!
crdZ is selected!
[85.0ps]selecting atoms...
DONE!
crdZ is selected!
[90.0ps]selecting atoms...
DONE!
crdZ is selected!
[95.0ps]selecting atoms...
DONE!
crdZ is selected!
[100.0ps]selecting atoms...
DONE!
crdZ is selected!
[105.0ps]selecting atoms...
DONE!
crdZ is selected!
[110.0ps]selecting atoms...
DONE!
crdZ is selected!
[115.0ps]selecting atoms...
DONE!
crdZ is selected!
[120.0ps]selecting atoms...
DONE!
crdZ is selected!
[125.0ps]selecting atoms...
DONE!
crdZ is selected!
[130.0ps]selecting atoms...
DONE!
crdZ is selected!
[135.0ps]selecting atoms...
DONE!
crdZ is selected!
[140.0ps]selecting atoms...
DONE!
crdZ is selected!
[145.0ps]selecting atoms...
DONE!
crdZ is selected!
[150.0ps]selecting atoms...
DONE!
crdZ is selected!
[155.0ps]selecting atoms...
DONE!
crdZ is selected!
[160.0ps]selecting atoms...
DONE!
crdZ is selected!
